[ 2016-05-25T15:09:52+08:00 ] 127.0.0.1 /zhds/
INFO: [ app_init ] --START--
INFO: Run Behavior\BuildLiteBehavior [ RunTime:0.000014s ]
INFO: [ app_init ] --END-- [ RunTime:0.006597s ]
INFO: [ app_begin ] --START--
INFO: Run Behavior\ReadHtmlCacheBehavior [ RunTime:0.007351s ]
INFO: [ app_begin ] --END-- [ RunTime:0.007411s ]
SQL: SHOW COLUMNS FROM `zz_news` [ RunTime:0.0909s ]
SQL: SELECT * FROM `zz_news` ORDER BY time desc LIMIT 6   [ RunTime:0.0219s ]
INFO: [ view_parse ] --START--
INFO: [ template_filter ] --START--
INFO: Run Behavior\ContentReplaceBehavior [ RunTime:0.000145s ]
INFO: [ template_filter ] --END-- [ RunTime:0.000231s ]
NOTIC: [8] Use of undefined constant id - assumed 'id' D:\phpStudy\WWW\zhds\App\Runtime\Cache\Home\00e52909bed743ea261af4b6823297ff.php 第 78 行.
NOTIC: [8] Use of undefined constant id - assumed 'id' D:\phpStudy\WWW\zhds\App\Runtime\Cache\Home\00e52909bed743ea261af4b6823297ff.php 第 78 行.
NOTIC: [8] Use of undefined constant id - assumed 'id' D:\phpStudy\WWW\zhds\App\Runtime\Cache\Home\00e52909bed743ea261af4b6823297ff.php 第 78 行.
NOTIC: [8] Use of undefined constant id - assumed 'id' D:\phpStudy\WWW\zhds\App\Runtime\Cache\Home\00e52909bed743ea261af4b6823297ff.php 第 78 行.
NOTIC: [8] Use of undefined constant id - assumed 'id' D:\phpStudy\WWW\zhds\App\Runtime\Cache\Home\00e52909bed743ea261af4b6823297ff.php 第 78 行.
NOTIC: [8] Use of undefined constant id - assumed 'id' D:\phpStudy\WWW\zhds\App\Runtime\Cache\Home\00e52909bed743ea261af4b6823297ff.php 第 78 行.
INFO: Run Behavior\ParseTemplateBehavior [ RunTime:0.205256s ]
INFO: [ view_parse ] --END-- [ RunTime:0.205363s ]
INFO: [ view_filter ] --START--
INFO: Run Behavior\WriteHtmlCacheBehavior [ RunTime:0.009881s ]
INFO: [ view_filter ] --END-- [ RunTime:0.009969s ]
INFO: [ app_end ] --START--
INFO: Run Behavior\ShowPageTraceBehavior [ RunTime:0.042417s ]
INFO: [ app_end ] --END-- [ RunTime:0.042539s ]

[ 2016-05-25T15:09:55+08:00 ] 127.0.0.1 /zhds/Home/Service/index.html
INFO: [ app_init ] --START--
INFO: Run Behavior\BuildLiteBehavior [ RunTime:0.000008s ]
INFO: [ app_init ] --END-- [ RunTime:0.000224s ]
INFO: [ app_begin ] --START--
INFO: Run Behavior\ReadHtmlCacheBehavior [ RunTime:0.000410s ]
INFO: [ app_begin ] --END-- [ RunTime:0.000450s ]
SQL: SHOW COLUMNS FROM `zz_goods` [ RunTime:0.0277s ]
SQL: SELECT * FROM `zz_goods` ORDER BY ol asc  [ RunTime:0.0005s ]
INFO: [ view_parse ] --START--
INFO: [ template_filter ] --START--
INFO: Run Behavior\ContentReplaceBehavior [ RunTime:0.000038s ]
INFO: [ template_filter ] --END-- [ RunTime:0.000074s ]
NOTIC: [8] Use of undefined constant id - assumed 'id' D:\phpStudy\WWW\zhds\App\Runtime\Cache\Home\2c040600bfe38a8a20a1a09f59064127.php 第 58 行.
NOTIC: [8] Use of undefined constant href - assumed 'href' D:\phpStudy\WWW\zhds\App\Runtime\Cache\Home\2c040600bfe38a8a20a1a09f59064127.php 第 60 行.
INFO: Run Behavior\ParseTemplateBehavior [ RunTime:0.024495s ]
INFO: [ view_parse ] --END-- [ RunTime:0.024545s ]
INFO: [ view_filter ] --START--
INFO: Run Behavior\WriteHtmlCacheBehavior [ RunTime:0.000403s ]
INFO: [ view_filter ] --END-- [ RunTime:0.000454s ]
INFO: [ app_end ] --START--
INFO: Run Behavior\ShowPageTraceBehavior [ RunTime:0.000575s ]
INFO: [ app_end ] --END-- [ RunTime:0.000629s ]

[ 2016-05-25T15:09:57+08:00 ] 127.0.0.1 /zhds/Home/Service/goods/id/1.html
INFO: [ app_init ] --START--
INFO: Run Behavior\BuildLiteBehavior [ RunTime:0.000008s ]
INFO: [ app_init ] --END-- [ RunTime:0.000199s ]
INFO: [ app_begin ] --START--
INFO: Run Behavior\ReadHtmlCacheBehavior [ RunTime:0.000259s ]
INFO: [ app_begin ] --END-- [ RunTime:0.000290s ]
SQL: SHOW COLUMNS FROM `zz_goods` [ RunTime:0.0197s ]
SQL: SELECT * FROM `zz_goods` WHERE `id` = 1 LIMIT 1   [ RunTime:0.0009s ]
INFO: [ view_parse ] --START--
INFO: [ template_filter ] --START--
INFO: Run Behavior\ContentReplaceBehavior [ RunTime:0.000048s ]
INFO: [ template_filter ] --END-- [ RunTime:0.000098s ]
INFO: Run Behavior\ParseTemplateBehavior [ RunTime:0.017552s ]
INFO: [ view_parse ] --END-- [ RunTime:0.017652s ]
INFO: [ view_filter ] --START--
INFO: Run Behavior\WriteHtmlCacheBehavior [ RunTime:0.000239s ]
INFO: [ view_filter ] --END-- [ RunTime:0.000278s ]
INFO: [ app_end ] --START--
INFO: Run Behavior\ShowPageTraceBehavior [ RunTime:0.000489s ]
INFO: [ app_end ] --END-- [ RunTime:0.000534s ]

[ 2016-05-25T15:11:44+08:00 ] 127.0.0.1 /zhds/Home/Service/index.html
INFO: [ app_init ] --START--
INFO: Run Behavior\BuildLiteBehavior [ RunTime:0.000015s ]
INFO: [ app_init ] --END-- [ RunTime:0.000327s ]
INFO: [ app_begin ] --START--
INFO: Run Behavior\ReadHtmlCacheBehavior [ RunTime:0.000281s ]
INFO: [ app_begin ] --END-- [ RunTime:0.000317s ]
SQL: SHOW COLUMNS FROM `zz_goods` [ RunTime:0.0227s ]
SQL: SELECT * FROM `zz_goods` ORDER BY ol asc  [ RunTime:0.0005s ]
INFO: [ view_parse ] --START--
INFO: [ template_filter ] --START--
INFO: Run Behavior\ContentReplaceBehavior [ RunTime:0.000090s ]
INFO: [ template_filter ] --END-- [ RunTime:0.000172s ]
NOTIC: [8] Use of undefined constant id - assumed 'id' D:\phpStudy\WWW\zhds\App\Runtime\Cache\Home\2c040600bfe38a8a20a1a09f59064127.php 第 58 行.
NOTIC: [8] Use of undefined constant href - assumed 'href' D:\phpStudy\WWW\zhds\App\Runtime\Cache\Home\2c040600bfe38a8a20a1a09f59064127.php 第 60 行.
INFO: Run Behavior\ParseTemplateBehavior [ RunTime:0.012604s ]
INFO: [ view_parse ] --END-- [ RunTime:0.012688s ]
INFO: [ view_filter ] --START--
INFO: Run Behavior\WriteHtmlCacheBehavior [ RunTime:0.000437s ]
INFO: [ view_filter ] --END-- [ RunTime:0.000503s ]
INFO: [ app_end ] --START--
INFO: Run Behavior\ShowPageTraceBehavior [ RunTime:0.000814s ]
INFO: [ app_end ] --END-- [ RunTime:0.000915s ]

[ 2016-05-25T15:11:50+08:00 ] 127.0.0.1 /zhds/Home/Service/goods/id/1.html
INFO: [ app_init ] --START--
INFO: Run Behavior\BuildLiteBehavior [ RunTime:0.000009s ]
INFO: [ app_init ] --END-- [ RunTime:0.000222s ]
INFO: [ app_begin ] --START--
INFO: Run Behavior\ReadHtmlCacheBehavior [ RunTime:0.000307s ]
INFO: [ app_begin ] --END-- [ RunTime:0.000339s ]
SQL: SHOW COLUMNS FROM `zz_goods` [ RunTime:0.0177s ]
SQL: SELECT * FROM `zz_goods` WHERE `id` = 1 LIMIT 1   [ RunTime:0.0004s ]
INFO: [ view_parse ] --START--
INFO: [ template_filter ] --START--
INFO: Run Behavior\ContentReplaceBehavior [ RunTime:0.000047s ]
INFO: [ template_filter ] --END-- [ RunTime:0.000098s ]
INFO: Run Behavior\ParseTemplateBehavior [ RunTime:0.007928s ]
INFO: [ view_parse ] --END-- [ RunTime:0.008006s ]
INFO: [ view_filter ] --START--
INFO: Run Behavior\WriteHtmlCacheBehavior [ RunTime:0.000335s ]
INFO: [ view_filter ] --END-- [ RunTime:0.000381s ]
INFO: [ app_end ] --START--
INFO: Run Behavior\ShowPageTraceBehavior [ RunTime:0.000749s ]
INFO: [ app_end ] --END-- [ RunTime:0.000830s ]

[ 2016-05-25T15:13:43+08:00 ] 127.0.0.1 /zhds/Home/Service/index.html
INFO: [ app_init ] --START--
INFO: Run Behavior\BuildLiteBehavior [ RunTime:0.000009s ]
INFO: [ app_init ] --END-- [ RunTime:0.000222s ]
INFO: [ app_begin ] --START--
INFO: Run Behavior\ReadHtmlCacheBehavior [ RunTime:0.000330s ]
INFO: [ app_begin ] --END-- [ RunTime:0.000365s ]
SQL: SHOW COLUMNS FROM `zz_goods` [ RunTime:0.0151s ]
SQL: SELECT * FROM `zz_goods` ORDER BY ol asc  [ RunTime:0.0004s ]
INFO: [ view_parse ] --START--
INFO: [ template_filter ] --START--
INFO: Run Behavior\ContentReplaceBehavior [ RunTime:0.000061s ]
INFO: [ template_filter ] --END-- [ RunTime:0.000113s ]
NOTIC: [8] Use of undefined constant href - assumed 'href' D:\phpStudy\WWW\zhds\App\Runtime\Cache\Home\2c040600bfe38a8a20a1a09f59064127.php 第 60 行.
INFO: Run Behavior\ParseTemplateBehavior [ RunTime:0.029887s ]
INFO: [ view_parse ] --END-- [ RunTime:0.029945s ]
INFO: [ view_filter ] --START--
INFO: Run Behavior\WriteHtmlCacheBehavior [ RunTime:0.000377s ]
INFO: [ view_filter ] --END-- [ RunTime:0.000421s ]
INFO: [ app_end ] --START--
INFO: Run Behavior\ShowPageTraceBehavior [ RunTime:0.000512s ]
INFO: [ app_end ] --END-- [ RunTime:0.000555s ]

[ 2016-05-25T15:13:59+08:00 ] 127.0.0.1 /zhds/Home/Service/index.html
INFO: [ app_init ] --START--
INFO: Run Behavior\BuildLiteBehavior [ RunTime:0.000008s ]
INFO: [ app_init ] --END-- [ RunTime:0.000219s ]
INFO: [ app_begin ] --START--
INFO: Run Behavior\ReadHtmlCacheBehavior [ RunTime:0.000306s ]
INFO: [ app_begin ] --END-- [ RunTime:0.000337s ]
SQL: SHOW COLUMNS FROM `zz_goods` [ RunTime:0.0266s ]
SQL: SELECT * FROM `zz_goods` ORDER BY ol asc  [ RunTime:0.0005s ]
INFO: [ view_parse ] --START--
INFO: [ template_filter ] --START--
INFO: Run Behavior\ContentReplaceBehavior [ RunTime:0.000065s ]
INFO: [ template_filter ] --END-- [ RunTime:0.000122s ]
NOTIC: [8] Use of undefined constant href - assumed 'href' D:\phpStudy\WWW\zhds\App\Runtime\Cache\Home\2c040600bfe38a8a20a1a09f59064127.php 第 60 行.
INFO: Run Behavior\ParseTemplateBehavior [ RunTime:0.024925s ]
INFO: [ view_parse ] --END-- [ RunTime:0.024994s ]
INFO: [ view_filter ] --START--
INFO: Run Behavior\WriteHtmlCacheBehavior [ RunTime:0.000253s ]
INFO: [ view_filter ] --END-- [ RunTime:0.000306s ]
INFO: [ app_end ] --START--
INFO: Run Behavior\ShowPageTraceBehavior [ RunTime:0.000340s ]
INFO: [ app_end ] --END-- [ RunTime:0.000368s ]

[ 2016-05-25T15:14:10+08:00 ] 127.0.0.1 /zhds/Home/Service/index.html
INFO: [ app_init ] --START--
INFO: Run Behavior\BuildLiteBehavior [ RunTime:0.000008s ]
INFO: [ app_init ] --END-- [ RunTime:0.000219s ]
INFO: [ app_begin ] --START--
INFO: Run Behavior\ReadHtmlCacheBehavior [ RunTime:0.000304s ]
INFO: [ app_begin ] --END-- [ RunTime:0.000334s ]
SQL: SHOW COLUMNS FROM `zz_goods` [ RunTime:0.0139s ]
SQL: SELECT * FROM `zz_goods` ORDER BY ol asc  [ RunTime:0.0004s ]
INFO: [ view_parse ] --START--
INFO: [ template_filter ] --START--
INFO: Run Behavior\ContentReplaceBehavior [ RunTime:0.000072s ]
INFO: [ template_filter ] --END-- [ RunTime:0.000136s ]
NOTIC: [8] Use of undefined constant href - assumed 'href' D:\phpStudy\WWW\zhds\App\Runtime\Cache\Home\2c040600bfe38a8a20a1a09f59064127.php 第 60 行.
INFO: Run Behavior\ParseTemplateBehavior [ RunTime:0.009968s ]
INFO: [ view_parse ] --END-- [ RunTime:0.010024s ]
INFO: [ view_filter ] --START--
INFO: Run Behavior\WriteHtmlCacheBehavior [ RunTime:0.000371s ]
INFO: [ view_filter ] --END-- [ RunTime:0.000414s ]
INFO: [ app_end ] --START--
INFO: Run Behavior\ShowPageTraceBehavior [ RunTime:0.000557s ]
INFO: [ app_end ] --END-- [ RunTime:0.000604s ]

[ 2016-05-25T15:15:06+08:00 ] 127.0.0.1 /zhds/Home/Service/index.html
INFO: [ app_init ] --START--
INFO: Run Behavior\BuildLiteBehavior [ RunTime:0.000008s ]
INFO: [ app_init ] --END-- [ RunTime:0.000200s ]
INFO: [ app_begin ] --START--
INFO: Run Behavior\ReadHtmlCacheBehavior [ RunTime:0.000248s ]
INFO: [ app_begin ] --END-- [ RunTime:0.000277s ]
SQL: SHOW COLUMNS FROM `zz_goods` [ RunTime:0.0261s ]
SQL: SELECT * FROM `zz_goods` ORDER BY ol asc  [ RunTime:0.0004s ]
INFO: [ view_parse ] --START--
INFO: [ template_filter ] --START--
INFO: Run Behavior\ContentReplaceBehavior [ RunTime:0.000073s ]
INFO: [ template_filter ] --END-- [ RunTime:0.000132s ]
NOTIC: [8] Use of undefined constant href - assumed 'href' D:\phpStudy\WWW\zhds\App\Runtime\Cache\Home\2c040600bfe38a8a20a1a09f59064127.php 第 60 行.
INFO: Run Behavior\ParseTemplateBehavior [ RunTime:0.009634s ]
INFO: [ view_parse ] --END-- [ RunTime:0.009719s ]
INFO: [ view_filter ] --START--
INFO: Run Behavior\WriteHtmlCacheBehavior [ RunTime:0.000408s ]
INFO: [ view_filter ] --END-- [ RunTime:0.000470s ]
INFO: [ app_end ] --START--
INFO: Run Behavior\ShowPageTraceBehavior [ RunTime:0.000497s ]
INFO: [ app_end ] --END-- [ RunTime:0.000549s ]

[ 2016-05-25T15:15:37+08:00 ] 127.0.0.1 /zhds/Home/Service/index.html
INFO: [ app_init ] --START--
INFO: Run Behavior\BuildLiteBehavior [ RunTime:0.000011s ]
INFO: [ app_init ] --END-- [ RunTime:0.000277s ]
INFO: [ app_begin ] --START--
INFO: Run Behavior\ReadHtmlCacheBehavior [ RunTime:0.000358s ]
INFO: [ app_begin ] --END-- [ RunTime:0.000395s ]
SQL: SHOW COLUMNS FROM `zz_goods` [ RunTime:0.0081s ]
SQL: SELECT * FROM `zz_goods` ORDER BY ol asc  [ RunTime:0.0003s ]
INFO: [ view_parse ] --START--
INFO: [ template_filter ] --START--
INFO: Run Behavior\ContentReplaceBehavior [ RunTime:0.000043s ]
INFO: [ template_filter ] --END-- [ RunTime:0.000085s ]
NOTIC: [8] Use of undefined constant href - assumed 'href' D:\phpStudy\WWW\zhds\App\Runtime\Cache\Home\2c040600bfe38a8a20a1a09f59064127.php 第 60 行.
INFO: Run Behavior\ParseTemplateBehavior [ RunTime:0.021317s ]
INFO: [ view_parse ] --END-- [ RunTime:0.021371s ]
INFO: [ view_filter ] --START--
INFO: Run Behavior\WriteHtmlCacheBehavior [ RunTime:0.000257s ]
INFO: [ view_filter ] --END-- [ RunTime:0.000286s ]
INFO: [ app_end ] --START--
INFO: Run Behavior\ShowPageTraceBehavior [ RunTime:0.000325s ]
INFO: [ app_end ] --END-- [ RunTime:0.000353s ]

[ 2016-05-25T15:15:46+08:00 ] 127.0.0.1 /zhds/Home/Service/index.html
INFO: [ app_init ] --START--
INFO: Run Behavior\BuildLiteBehavior [ RunTime:0.000008s ]
INFO: [ app_init ] --END-- [ RunTime:0.000196s ]
INFO: [ app_begin ] --START--
INFO: Run Behavior\ReadHtmlCacheBehavior [ RunTime:0.000251s ]
INFO: [ app_begin ] --END-- [ RunTime:0.000280s ]
SQL: SHOW COLUMNS FROM `zz_goods` [ RunTime:0.0336s ]
SQL: SELECT * FROM `zz_goods` ORDER BY ol asc  [ RunTime:0.0004s ]
INFO: [ view_parse ] --START--
INFO: [ template_filter ] --START--
INFO: Run Behavior\ContentReplaceBehavior [ RunTime:0.000094s ]
INFO: [ template_filter ] --END-- [ RunTime:0.000172s ]
NOTIC: [8] Use of undefined constant href - assumed 'href' D:\phpStudy\WWW\zhds\App\Runtime\Cache\Home\2c040600bfe38a8a20a1a09f59064127.php 第 60 行.
INFO: Run Behavior\ParseTemplateBehavior [ RunTime:0.009686s ]
INFO: [ view_parse ] --END-- [ RunTime:0.009761s ]
INFO: [ view_filter ] --START--
INFO: Run Behavior\WriteHtmlCacheBehavior [ RunTime:0.000309s ]
INFO: [ view_filter ] --END-- [ RunTime:0.000366s ]
INFO: [ app_end ] --START--
INFO: Run Behavior\ShowPageTraceBehavior [ RunTime:0.000520s ]
INFO: [ app_end ] --END-- [ RunTime:0.000571s ]

[ 2016-05-25T15:17:05+08:00 ] 127.0.0.1 /zhds/Home/Service/index.html
INFO: [ app_init ] --START--
INFO: Run Behavior\BuildLiteBehavior [ RunTime:0.000009s ]
INFO: [ app_init ] --END-- [ RunTime:0.000226s ]
INFO: [ app_begin ] --START--
INFO: Run Behavior\ReadHtmlCacheBehavior [ RunTime:0.000533s ]
INFO: [ app_begin ] --END-- [ RunTime:0.000590s ]
SQL: SHOW COLUMNS FROM `zz_goods` [ RunTime:0.0247s ]
SQL: SELECT * FROM `zz_goods` ORDER BY ol asc  [ RunTime:0.0005s ]
INFO: [ view_parse ] --START--
INFO: [ template_filter ] --START--
INFO: Run Behavior\ContentReplaceBehavior [ RunTime:0.000111s ]
INFO: [ template_filter ] --END-- [ RunTime:0.000210s ]
NOTIC: [8] Use of undefined constant href - assumed 'href' D:\phpStudy\WWW\zhds\App\Runtime\Cache\Home\2c040600bfe38a8a20a1a09f59064127.php 第 60 行.
INFO: Run Behavior\ParseTemplateBehavior [ RunTime:0.035147s ]
INFO: [ view_parse ] --END-- [ RunTime:0.035215s ]
INFO: [ view_filter ] --START--
INFO: Run Behavior\WriteHtmlCacheBehavior [ RunTime:0.000238s ]
INFO: [ view_filter ] --END-- [ RunTime:0.000265s ]
INFO: [ app_end ] --START--
INFO: Run Behavior\ShowPageTraceBehavior [ RunTime:0.000338s ]
INFO: [ app_end ] --END-- [ RunTime:0.000368s ]

[ 2016-05-25T15:17:35+08:00 ] 127.0.0.1 /zhds/Home/Service/index.html
INFO: [ app_init ] --START--
INFO: Run Behavior\BuildLiteBehavior [ RunTime:0.000008s ]
INFO: [ app_init ] --END-- [ RunTime:0.000220s ]
INFO: [ app_begin ] --START--
INFO: Run Behavior\ReadHtmlCacheBehavior [ RunTime:0.000304s ]
INFO: [ app_begin ] --END-- [ RunTime:0.000335s ]
SQL: SHOW COLUMNS FROM `zz_goods` [ RunTime:0.0198s ]
SQL: SELECT * FROM `zz_goods` ORDER BY ol asc  [ RunTime:0.0002s ]
INFO: [ view_parse ] --START--
INFO: [ template_filter ] --START--
INFO: Run Behavior\ContentReplaceBehavior [ RunTime:0.000041s ]
INFO: [ template_filter ] --END-- [ RunTime:0.000074s ]
NOTIC: [8] Use of undefined constant href - assumed 'href' D:\phpStudy\WWW\zhds\App\Runtime\Cache\Home\2c040600bfe38a8a20a1a09f59064127.php 第 60 行.
INFO: Run Behavior\ParseTemplateBehavior [ RunTime:0.019202s ]
INFO: [ view_parse ] --END-- [ RunTime:0.019242s ]
INFO: [ view_filter ] --START--
INFO: Run Behavior\WriteHtmlCacheBehavior [ RunTime:0.000285s ]
INFO: [ view_filter ] --END-- [ RunTime:0.000315s ]
INFO: [ app_end ] --START--
INFO: Run Behavior\ShowPageTraceBehavior [ RunTime:0.000328s ]
INFO: [ app_end ] --END-- [ RunTime:0.000355s ]

[ 2016-05-25T15:18:41+08:00 ] 127.0.0.1 /zhds/Home/Service/index.html
INFO: [ app_init ] --START--
INFO: Run Behavior\BuildLiteBehavior [ RunTime:0.000008s ]
INFO: [ app_init ] --END-- [ RunTime:0.000224s ]
INFO: [ app_begin ] --START--
INFO: Run Behavior\ReadHtmlCacheBehavior [ RunTime:0.000312s ]
INFO: [ app_begin ] --END-- [ RunTime:0.000345s ]
SQL: SHOW COLUMNS FROM `zz_goods` [ RunTime:0.0166s ]
SQL: SELECT * FROM `zz_goods` ORDER BY ol asc  [ RunTime:0.0006s ]
INFO: [ view_parse ] --START--
INFO: [ template_filter ] --START--
INFO: Run Behavior\ContentReplaceBehavior [ RunTime:0.000077s ]
INFO: [ template_filter ] --END-- [ RunTime:0.000149s ]
NOTIC: [8] Use of undefined constant href - assumed 'href' D:\phpStudy\WWW\zhds\App\Runtime\Cache\Home\2c040600bfe38a8a20a1a09f59064127.php 第 60 行.
INFO: Run Behavior\ParseTemplateBehavior [ RunTime:0.030973s ]
INFO: [ view_parse ] --END-- [ RunTime:0.031055s ]
INFO: [ view_filter ] --START--
INFO: Run Behavior\WriteHtmlCacheBehavior [ RunTime:0.000288s ]
INFO: [ view_filter ] --END-- [ RunTime:0.000322s ]
INFO: [ app_end ] --START--
INFO: Run Behavior\ShowPageTraceBehavior [ RunTime:0.000377s ]
INFO: [ app_end ] --END-- [ RunTime:0.000409s ]

[ 2016-05-25T15:18:44+08:00 ] 127.0.0.1 /zhds/Home/Service/index.html
INFO: [ app_init ] --START--
INFO: Run Behavior\BuildLiteBehavior [ RunTime:0.000008s ]
INFO: [ app_init ] --END-- [ RunTime:0.000219s ]
INFO: [ app_begin ] --START--
INFO: Run Behavior\ReadHtmlCacheBehavior [ RunTime:0.000312s ]
INFO: [ app_begin ] --END-- [ RunTime:0.000341s ]
SQL: SHOW COLUMNS FROM `zz_goods` [ RunTime:0.0222s ]
SQL: SELECT * FROM `zz_goods` ORDER BY ol asc  [ RunTime:0.0005s ]
INFO: [ view_parse ] --START--
INFO: [ template_filter ] --START--
INFO: Run Behavior\ContentReplaceBehavior [ RunTime:0.000095s ]
INFO: [ template_filter ] --END-- [ RunTime:0.000177s ]
NOTIC: [8] Use of undefined constant href - assumed 'href' D:\phpStudy\WWW\zhds\App\Runtime\Cache\Home\2c040600bfe38a8a20a1a09f59064127.php 第 60 行.
INFO: Run Behavior\ParseTemplateBehavior [ RunTime:0.034969s ]
INFO: [ view_parse ] --END-- [ RunTime:0.035030s ]
INFO: [ view_filter ] --START--
INFO: Run Behavior\WriteHtmlCacheBehavior [ RunTime:0.000319s ]
INFO: [ view_filter ] --END-- [ RunTime:0.000355s ]
INFO: [ app_end ] --START--
INFO: Run Behavior\ShowPageTraceBehavior [ RunTime:0.000456s ]
INFO: [ app_end ] --END-- [ RunTime:0.000494s ]

[ 2016-05-25T15:19:05+08:00 ] 127.0.0.1 /zhds/Home/Service/index.html
INFO: [ app_init ] --START--
INFO: Run Behavior\BuildLiteBehavior [ RunTime:0.000008s ]
INFO: [ app_init ] --END-- [ RunTime:0.000220s ]
INFO: [ app_begin ] --START--
INFO: Run Behavior\ReadHtmlCacheBehavior [ RunTime:0.000308s ]
INFO: [ app_begin ] --END-- [ RunTime:0.000339s ]
SQL: SHOW COLUMNS FROM `zz_goods` [ RunTime:0.0107s ]
SQL: SELECT * FROM `zz_goods` ORDER BY ol asc  [ RunTime:0.0004s ]
INFO: [ view_parse ] --START--
INFO: [ template_filter ] --START--
INFO: Run Behavior\ContentReplaceBehavior [ RunTime:0.000057s ]
INFO: [ template_filter ] --END-- [ RunTime:0.000105s ]
NOTIC: [8] Use of undefined constant href - assumed 'href' D:\phpStudy\WWW\zhds\App\Runtime\Cache\Home\2c040600bfe38a8a20a1a09f59064127.php 第 60 行.
INFO: Run Behavior\ParseTemplateBehavior [ RunTime:0.040266s ]
INFO: [ view_parse ] --END-- [ RunTime:0.040307s ]
INFO: [ view_filter ] --START--
INFO: Run Behavior\WriteHtmlCacheBehavior [ RunTime:0.000235s ]
INFO: [ view_filter ] --END-- [ RunTime:0.000259s ]
INFO: [ app_end ] --START--
INFO: Run Behavior\ShowPageTraceBehavior [ RunTime:0.000306s ]
INFO: [ app_end ] --END-- [ RunTime:0.000331s ]

[ 2016-05-25T15:19:38+08:00 ] 127.0.0.1 /zhds/Home/Service/index.html
INFO: [ app_init ] --START--
INFO: Run Behavior\BuildLiteBehavior [ RunTime:0.000009s ]
INFO: [ app_init ] --END-- [ RunTime:0.000222s ]
INFO: [ app_begin ] --START--
INFO: Run Behavior\ReadHtmlCacheBehavior [ RunTime:0.000354s ]
INFO: [ app_begin ] --END-- [ RunTime:0.000385s ]
SQL: SHOW COLUMNS FROM `zz_goods` [ RunTime:0.0129s ]
SQL: SELECT * FROM `zz_goods` ORDER BY ol asc  [ RunTime:0.0005s ]
INFO: [ view_parse ] --START--
INFO: [ template_filter ] --START--
INFO: Run Behavior\ContentReplaceBehavior [ RunTime:0.000045s ]
INFO: [ template_filter ] --END-- [ RunTime:0.000088s ]
NOTIC: [8] Use of undefined constant href - assumed 'href' D:\phpStudy\WWW\zhds\App\Runtime\Cache\Home\2c040600bfe38a8a20a1a09f59064127.php 第 60 行.
INFO: Run Behavior\ParseTemplateBehavior [ RunTime:0.025378s ]
INFO: [ view_parse ] --END-- [ RunTime:0.025437s ]
INFO: [ view_filter ] --START--
INFO: Run Behavior\WriteHtmlCacheBehavior [ RunTime:0.000261s ]
INFO: [ view_filter ] --END-- [ RunTime:0.000287s ]
INFO: [ app_end ] --START--
INFO: Run Behavior\ShowPageTraceBehavior [ RunTime:0.000315s ]
INFO: [ app_end ] --END-- [ RunTime:0.000342s ]

[ 2016-05-25T15:26:32+08:00 ] 127.0.0.1 /zhds/
INFO: [ app_init ] --START--
INFO: Run Behavior\BuildLiteBehavior [ RunTime:0.000008s ]
INFO: [ app_init ] --END-- [ RunTime:0.000226s ]
INFO: [ app_begin ] --START--
INFO: Run Behavior\ReadHtmlCacheBehavior [ RunTime:0.000512s ]
INFO: [ app_begin ] --END-- [ RunTime:0.000583s ]
SQL: SHOW COLUMNS FROM `zz_news` [ RunTime:0.0170s ]
SQL: SELECT * FROM `zz_news` ORDER BY time desc LIMIT 6   [ RunTime:0.0006s ]
INFO: [ view_parse ] --START--
INFO: [ template_filter ] --START--
INFO: Run Behavior\ContentReplaceBehavior [ RunTime:0.000058s ]
INFO: [ template_filter ] --END-- [ RunTime:0.000098s ]
NOTIC: [8] Use of undefined constant id - assumed 'id' D:\phpStudy\WWW\zhds\App\Runtime\Cache\Home\00e52909bed743ea261af4b6823297ff.php 第 78 行.
NOTIC: [8] Use of undefined constant id - assumed 'id' D:\phpStudy\WWW\zhds\App\Runtime\Cache\Home\00e52909bed743ea261af4b6823297ff.php 第 78 行.
NOTIC: [8] Use of undefined constant id - assumed 'id' D:\phpStudy\WWW\zhds\App\Runtime\Cache\Home\00e52909bed743ea261af4b6823297ff.php 第 78 行.
NOTIC: [8] Use of undefined constant id - assumed 'id' D:\phpStudy\WWW\zhds\App\Runtime\Cache\Home\00e52909bed743ea261af4b6823297ff.php 第 78 行.
NOTIC: [8] Use of undefined constant id - assumed 'id' D:\phpStudy\WWW\zhds\App\Runtime\Cache\Home\00e52909bed743ea261af4b6823297ff.php 第 78 行.
NOTIC: [8] Use of undefined constant id - assumed 'id' D:\phpStudy\WWW\zhds\App\Runtime\Cache\Home\00e52909bed743ea261af4b6823297ff.php 第 78 行.
INFO: Run Behavior\ParseTemplateBehavior [ RunTime:0.018601s ]
INFO: [ view_parse ] --END-- [ RunTime:0.018648s ]
INFO: [ view_filter ] --START--
INFO: Run Behavior\WriteHtmlCacheBehavior [ RunTime:0.000473s ]
INFO: [ view_filter ] --END-- [ RunTime:0.000539s ]
INFO: [ app_end ] --START--
INFO: Run Behavior\ShowPageTraceBehavior [ RunTime:0.000782s ]
INFO: [ app_end ] --END-- [ RunTime:0.000863s ]

