[ 2016-05-23T15:36:25+08:00 ] 127.0.0.1 /zhds/
INFO: [ app_init ] --START--
INFO: Run Behavior\BuildLiteBehavior [ RunTime:0.000016s ]
INFO: [ app_init ] --END-- [ RunTime:0.008225s ]
INFO: [ app_begin ] --START--
INFO: Run Behavior\ReadHtmlCacheBehavior [ RunTime:0.008029s ]
INFO: [ app_begin ] --END-- [ RunTime:0.008098s ]
ERR: SQLSTATE[HY000] [1049] Unknown database 'zhds'

[ 2016-05-23T15:37:17+08:00 ] 127.0.0.1 /zhds/
INFO: [ app_init ] --START--
INFO: Run Behavior\BuildLiteBehavior [ RunTime:0.000009s ]
INFO: [ app_init ] --END-- [ RunTime:0.000395s ]
INFO: [ app_begin ] --START--
INFO: Run Behavior\ReadHtmlCacheBehavior [ RunTime:0.000568s ]
INFO: [ app_begin ] --END-- [ RunTime:0.000608s ]
SQL: SHOW COLUMNS FROM `zz_news` [ RunTime:0.0543s ]
SQL: SELECT * FROM `zz_news` ORDER BY time desc LIMIT 6   [ RunTime:0.0385s ]
INFO: [ view_parse ] --START--
INFO: [ template_filter ] --START--
INFO: Run Behavior\ContentReplaceBehavior [ RunTime:0.000115s ]
INFO: [ template_filter ] --END-- [ RunTime:0.000247s ]
NOTIC: [8] Use of undefined constant id - assumed 'id' D:\phpStudy\WWW\zhds\App\Runtime\Cache\Home\00e52909bed743ea261af4b6823297ff.php 第 78 行.
NOTIC: [8] Use of undefined constant id - assumed 'id' D:\phpStudy\WWW\zhds\App\Runtime\Cache\Home\00e52909bed743ea261af4b6823297ff.php 第 78 行.
NOTIC: [8] Use of undefined constant id - assumed 'id' D:\phpStudy\WWW\zhds\App\Runtime\Cache\Home\00e52909bed743ea261af4b6823297ff.php 第 78 行.
NOTIC: [8] Use of undefined constant id - assumed 'id' D:\phpStudy\WWW\zhds\App\Runtime\Cache\Home\00e52909bed743ea261af4b6823297ff.php 第 78 行.
NOTIC: [8] Use of undefined constant id - assumed 'id' D:\phpStudy\WWW\zhds\App\Runtime\Cache\Home\00e52909bed743ea261af4b6823297ff.php 第 78 行.
NOTIC: [8] Use of undefined constant id - assumed 'id' D:\phpStudy\WWW\zhds\App\Runtime\Cache\Home\00e52909bed743ea261af4b6823297ff.php 第 78 行.
INFO: Run Behavior\ParseTemplateBehavior [ RunTime:0.301728s ]
INFO: [ view_parse ] --END-- [ RunTime:0.301838s ]
INFO: [ view_filter ] --START--
INFO: Run Behavior\WriteHtmlCacheBehavior [ RunTime:0.005976s ]
INFO: [ view_filter ] --END-- [ RunTime:0.006037s ]
INFO: [ app_end ] --START--
INFO: Run Behavior\ShowPageTraceBehavior [ RunTime:0.081207s ]
INFO: [ app_end ] --END-- [ RunTime:0.081291s ]

[ 2016-05-23T15:39:26+08:00 ] 127.0.0.1 /zhds/
INFO: [ app_init ] --START--
INFO: Run Behavior\BuildLiteBehavior [ RunTime:0.000009s ]
INFO: [ app_init ] --END-- [ RunTime:0.000399s ]
INFO: [ app_begin ] --START--
INFO: Run Behavior\ReadHtmlCacheBehavior [ RunTime:0.000543s ]
INFO: [ app_begin ] --END-- [ RunTime:0.000577s ]
SQL: SHOW COLUMNS FROM `zz_news` [ RunTime:0.0141s ]
SQL: SELECT * FROM `zz_news` ORDER BY time desc LIMIT 6   [ RunTime:0.0010s ]
INFO: [ view_parse ] --START--
INFO: [ template_filter ] --START--
INFO: Run Behavior\ContentReplaceBehavior [ RunTime:0.000158s ]
INFO: [ template_filter ] --END-- [ RunTime:0.000262s ]
NOTIC: [8] Use of undefined constant id - assumed 'id' D:\phpStudy\WWW\zhds\App\Runtime\Cache\Home\00e52909bed743ea261af4b6823297ff.php 第 78 行.
NOTIC: [8] Use of undefined constant id - assumed 'id' D:\phpStudy\WWW\zhds\App\Runtime\Cache\Home\00e52909bed743ea261af4b6823297ff.php 第 78 行.
NOTIC: [8] Use of undefined constant id - assumed 'id' D:\phpStudy\WWW\zhds\App\Runtime\Cache\Home\00e52909bed743ea261af4b6823297ff.php 第 78 行.
NOTIC: [8] Use of undefined constant id - assumed 'id' D:\phpStudy\WWW\zhds\App\Runtime\Cache\Home\00e52909bed743ea261af4b6823297ff.php 第 78 行.
NOTIC: [8] Use of undefined constant id - assumed 'id' D:\phpStudy\WWW\zhds\App\Runtime\Cache\Home\00e52909bed743ea261af4b6823297ff.php 第 78 行.
NOTIC: [8] Use of undefined constant id - assumed 'id' D:\phpStudy\WWW\zhds\App\Runtime\Cache\Home\00e52909bed743ea261af4b6823297ff.php 第 78 行.
INFO: Run Behavior\ParseTemplateBehavior [ RunTime:0.040577s ]
INFO: [ view_parse ] --END-- [ RunTime:0.040723s ]
INFO: [ view_filter ] --START--
INFO: Run Behavior\WriteHtmlCacheBehavior [ RunTime:0.001365s ]
INFO: [ view_filter ] --END-- [ RunTime:0.001480s ]
INFO: [ app_end ] --START--
INFO: Run Behavior\ShowPageTraceBehavior [ RunTime:0.001737s ]
INFO: [ app_end ] --END-- [ RunTime:0.001843s ]

[ 2016-05-23T17:38:59+08:00 ] 127.0.0.1 /zhds/
INFO: [ app_init ] --START--
INFO: Run Behavior\BuildLiteBehavior [ RunTime:0.000013s ]
INFO: [ app_init ] --END-- [ RunTime:0.006697s ]
INFO: [ app_begin ] --START--
INFO: Run Behavior\ReadHtmlCacheBehavior [ RunTime:0.008920s ]
INFO: [ app_begin ] --END-- [ RunTime:0.009003s ]
SQL: SHOW COLUMNS FROM `zz_news` [ RunTime:0.0291s ]
SQL: SELECT * FROM `zz_news` ORDER BY time desc LIMIT 6   [ RunTime:0.0005s ]
INFO: [ view_parse ] --START--
INFO: [ template_filter ] --START--
INFO: Run Behavior\ContentReplaceBehavior [ RunTime:0.000057s ]
INFO: [ template_filter ] --END-- [ RunTime:0.000097s ]
NOTIC: [8] Use of undefined constant id - assumed 'id' D:\phpStudy\WWW\zhds\App\Runtime\Cache\Home\00e52909bed743ea261af4b6823297ff.php 第 78 行.
NOTIC: [8] Use of undefined constant id - assumed 'id' D:\phpStudy\WWW\zhds\App\Runtime\Cache\Home\00e52909bed743ea261af4b6823297ff.php 第 78 行.
NOTIC: [8] Use of undefined constant id - assumed 'id' D:\phpStudy\WWW\zhds\App\Runtime\Cache\Home\00e52909bed743ea261af4b6823297ff.php 第 78 行.
NOTIC: [8] Use of undefined constant id - assumed 'id' D:\phpStudy\WWW\zhds\App\Runtime\Cache\Home\00e52909bed743ea261af4b6823297ff.php 第 78 行.
NOTIC: [8] Use of undefined constant id - assumed 'id' D:\phpStudy\WWW\zhds\App\Runtime\Cache\Home\00e52909bed743ea261af4b6823297ff.php 第 78 行.
NOTIC: [8] Use of undefined constant id - assumed 'id' D:\phpStudy\WWW\zhds\App\Runtime\Cache\Home\00e52909bed743ea261af4b6823297ff.php 第 78 行.
INFO: Run Behavior\ParseTemplateBehavior [ RunTime:0.073252s ]
INFO: [ view_parse ] --END-- [ RunTime:0.073289s ]
INFO: [ view_filter ] --START--
INFO: Run Behavior\WriteHtmlCacheBehavior [ RunTime:0.004475s ]
INFO: [ view_filter ] --END-- [ RunTime:0.004517s ]
INFO: [ app_end ] --START--
INFO: Run Behavior\ShowPageTraceBehavior [ RunTime:0.008288s ]
INFO: [ app_end ] --END-- [ RunTime:0.008346s ]

[ 2016-05-23T17:53:03+08:00 ] 127.0.0.1 /zhds/
INFO: [ app_init ] --START--
INFO: Run Behavior\BuildLiteBehavior [ RunTime:0.000012s ]
INFO: [ app_init ] --END-- [ RunTime:0.000268s ]
INFO: [ app_begin ] --START--
INFO: Run Behavior\ReadHtmlCacheBehavior [ RunTime:0.000682s ]
INFO: [ app_begin ] --END-- [ RunTime:0.000756s ]
SQL: SHOW COLUMNS FROM `zz_news` [ RunTime:0.0063s ]
SQL: SELECT * FROM `zz_news` ORDER BY time desc LIMIT 6   [ RunTime:0.0004s ]
INFO: [ view_parse ] --START--
INFO: [ template_filter ] --START--
INFO: Run Behavior\ContentReplaceBehavior [ RunTime:0.000068s ]
INFO: [ template_filter ] --END-- [ RunTime:0.000109s ]
NOTIC: [8] Undefined variable: topsix D:\phpStudy\WWW\zhds\App\Runtime\Cache\Home\00e52909bed743ea261af4b6823297ff.php 第 42 行.
NOTIC: [8] Undefined variable: length D:\phpStudy\WWW\zhds\App\Runtime\Cache\Home\00e52909bed743ea261af4b6823297ff.php 第 53 行.
NOTIC: [8] Undefined variable: length D:\phpStudy\WWW\zhds\App\Runtime\Cache\Home\00e52909bed743ea261af4b6823297ff.php 第 55 行.
NOTIC: [8] Undefined variable: length D:\phpStudy\WWW\zhds\App\Runtime\Cache\Home\00e52909bed743ea261af4b6823297ff.php 第 55 行.
NOTIC: [8] Undefined variable: length D:\phpStudy\WWW\zhds\App\Runtime\Cache\Home\00e52909bed743ea261af4b6823297ff.php 第 55 行.
NOTIC: [8] Undefined variable: length D:\phpStudy\WWW\zhds\App\Runtime\Cache\Home\00e52909bed743ea261af4b6823297ff.php 第 55 行.
NOTIC: [8] Undefined variable: length D:\phpStudy\WWW\zhds\App\Runtime\Cache\Home\00e52909bed743ea261af4b6823297ff.php 第 55 行.
NOTIC: [8] Undefined variable: length D:\phpStudy\WWW\zhds\App\Runtime\Cache\Home\00e52909bed743ea261af4b6823297ff.php 第 55 行.
NOTIC: [8] Use of undefined constant id - assumed 'id' D:\phpStudy\WWW\zhds\App\Runtime\Cache\Home\00e52909bed743ea261af4b6823297ff.php 第 113 行.
NOTIC: [8] Use of undefined constant id - assumed 'id' D:\phpStudy\WWW\zhds\App\Runtime\Cache\Home\00e52909bed743ea261af4b6823297ff.php 第 113 行.
NOTIC: [8] Use of undefined constant id - assumed 'id' D:\phpStudy\WWW\zhds\App\Runtime\Cache\Home\00e52909bed743ea261af4b6823297ff.php 第 113 行.
NOTIC: [8] Use of undefined constant id - assumed 'id' D:\phpStudy\WWW\zhds\App\Runtime\Cache\Home\00e52909bed743ea261af4b6823297ff.php 第 113 行.
NOTIC: [8] Use of undefined constant id - assumed 'id' D:\phpStudy\WWW\zhds\App\Runtime\Cache\Home\00e52909bed743ea261af4b6823297ff.php 第 113 行.
NOTIC: [8] Use of undefined constant id - assumed 'id' D:\phpStudy\WWW\zhds\App\Runtime\Cache\Home\00e52909bed743ea261af4b6823297ff.php 第 113 行.
INFO: Run Behavior\ParseTemplateBehavior [ RunTime:0.034836s ]
INFO: [ view_parse ] --END-- [ RunTime:0.034873s ]
INFO: [ view_filter ] --START--
INFO: Run Behavior\WriteHtmlCacheBehavior [ RunTime:0.000346s ]
INFO: [ view_filter ] --END-- [ RunTime:0.000371s ]
INFO: [ app_end ] --START--
INFO: Run Behavior\ShowPageTraceBehavior [ RunTime:0.001208s ]
INFO: [ app_end ] --END-- [ RunTime:0.001290s ]

[ 2016-05-23T17:54:02+08:00 ] 127.0.0.1 /zhds/
INFO: [ app_init ] --START--
INFO: Run Behavior\BuildLiteBehavior [ RunTime:0.000011s ]
INFO: [ app_init ] --END-- [ RunTime:0.000268s ]
INFO: [ app_begin ] --START--
INFO: Run Behavior\ReadHtmlCacheBehavior [ RunTime:0.000425s ]
INFO: [ app_begin ] --END-- [ RunTime:0.000468s ]
SQL: SHOW COLUMNS FROM `zz_news` [ RunTime:0.0088s ]
SQL: SELECT * FROM `zz_news` ORDER BY time desc LIMIT 6   [ RunTime:0.0006s ]
INFO: [ view_parse ] --START--
INFO: [ template_filter ] --START--
INFO: Run Behavior\ContentReplaceBehavior [ RunTime:0.000067s ]
INFO: [ template_filter ] --END-- [ RunTime:0.000105s ]
NOTIC: [8] Undefined variable: topsix D:\phpStudy\WWW\zhds\App\Runtime\Cache\Home\00e52909bed743ea261af4b6823297ff.php 第 42 行.
NOTIC: [8] Undefined variable: length D:\phpStudy\WWW\zhds\App\Runtime\Cache\Home\00e52909bed743ea261af4b6823297ff.php 第 53 行.
NOTIC: [8] Undefined variable: length D:\phpStudy\WWW\zhds\App\Runtime\Cache\Home\00e52909bed743ea261af4b6823297ff.php 第 55 行.
NOTIC: [8] Undefined variable: length D:\phpStudy\WWW\zhds\App\Runtime\Cache\Home\00e52909bed743ea261af4b6823297ff.php 第 55 行.
NOTIC: [8] Undefined variable: length D:\phpStudy\WWW\zhds\App\Runtime\Cache\Home\00e52909bed743ea261af4b6823297ff.php 第 55 行.
NOTIC: [8] Undefined variable: length D:\phpStudy\WWW\zhds\App\Runtime\Cache\Home\00e52909bed743ea261af4b6823297ff.php 第 55 行.
NOTIC: [8] Undefined variable: length D:\phpStudy\WWW\zhds\App\Runtime\Cache\Home\00e52909bed743ea261af4b6823297ff.php 第 55 行.
NOTIC: [8] Undefined variable: length D:\phpStudy\WWW\zhds\App\Runtime\Cache\Home\00e52909bed743ea261af4b6823297ff.php 第 55 行.
NOTIC: [8] Use of undefined constant id - assumed 'id' D:\phpStudy\WWW\zhds\App\Runtime\Cache\Home\00e52909bed743ea261af4b6823297ff.php 第 113 行.
NOTIC: [8] Use of undefined constant id - assumed 'id' D:\phpStudy\WWW\zhds\App\Runtime\Cache\Home\00e52909bed743ea261af4b6823297ff.php 第 113 行.
NOTIC: [8] Use of undefined constant id - assumed 'id' D:\phpStudy\WWW\zhds\App\Runtime\Cache\Home\00e52909bed743ea261af4b6823297ff.php 第 113 行.
NOTIC: [8] Use of undefined constant id - assumed 'id' D:\phpStudy\WWW\zhds\App\Runtime\Cache\Home\00e52909bed743ea261af4b6823297ff.php 第 113 行.
NOTIC: [8] Use of undefined constant id - assumed 'id' D:\phpStudy\WWW\zhds\App\Runtime\Cache\Home\00e52909bed743ea261af4b6823297ff.php 第 113 行.
NOTIC: [8] Use of undefined constant id - assumed 'id' D:\phpStudy\WWW\zhds\App\Runtime\Cache\Home\00e52909bed743ea261af4b6823297ff.php 第 113 行.
INFO: Run Behavior\ParseTemplateBehavior [ RunTime:0.038609s ]
INFO: [ view_parse ] --END-- [ RunTime:0.038654s ]
INFO: [ view_filter ] --START--
INFO: Run Behavior\WriteHtmlCacheBehavior [ RunTime:0.000411s ]
INFO: [ view_filter ] --END-- [ RunTime:0.000442s ]
INFO: [ app_end ] --START--
INFO: Run Behavior\ShowPageTraceBehavior [ RunTime:0.000724s ]
INFO: [ app_end ] --END-- [ RunTime:0.000803s ]

[ 2016-05-23T17:54:42+08:00 ] 127.0.0.1 /zhds/
INFO: [ app_init ] --START--
INFO: Run Behavior\BuildLiteBehavior [ RunTime:0.000009s ]
INFO: [ app_init ] --END-- [ RunTime:0.000241s ]
INFO: [ app_begin ] --START--
INFO: Run Behavior\ReadHtmlCacheBehavior [ RunTime:0.000468s ]
INFO: [ app_begin ] --END-- [ RunTime:0.000503s ]
SQL: SHOW COLUMNS FROM `zz_news` [ RunTime:0.0125s ]
SQL: SELECT * FROM `zz_news` ORDER BY time desc LIMIT 6   [ RunTime:0.0006s ]
INFO: [ view_parse ] --START--
INFO: [ template_filter ] --START--
INFO: Run Behavior\ContentReplaceBehavior [ RunTime:0.000155s ]
INFO: [ template_filter ] --END-- [ RunTime:0.000253s ]
NOTIC: [8] Use of undefined constant id - assumed 'id' D:\phpStudy\WWW\zhds\App\Runtime\Cache\Home\00e52909bed743ea261af4b6823297ff.php 第 78 行.
NOTIC: [8] Use of undefined constant id - assumed 'id' D:\phpStudy\WWW\zhds\App\Runtime\Cache\Home\00e52909bed743ea261af4b6823297ff.php 第 78 行.
NOTIC: [8] Use of undefined constant id - assumed 'id' D:\phpStudy\WWW\zhds\App\Runtime\Cache\Home\00e52909bed743ea261af4b6823297ff.php 第 78 行.
NOTIC: [8] Use of undefined constant id - assumed 'id' D:\phpStudy\WWW\zhds\App\Runtime\Cache\Home\00e52909bed743ea261af4b6823297ff.php 第 78 行.
NOTIC: [8] Use of undefined constant id - assumed 'id' D:\phpStudy\WWW\zhds\App\Runtime\Cache\Home\00e52909bed743ea261af4b6823297ff.php 第 78 行.
NOTIC: [8] Use of undefined constant id - assumed 'id' D:\phpStudy\WWW\zhds\App\Runtime\Cache\Home\00e52909bed743ea261af4b6823297ff.php 第 78 行.
INFO: Run Behavior\ParseTemplateBehavior [ RunTime:0.035564s ]
INFO: [ view_parse ] --END-- [ RunTime:0.035632s ]
INFO: [ view_filter ] --START--
INFO: Run Behavior\WriteHtmlCacheBehavior [ RunTime:0.000719s ]
INFO: [ view_filter ] --END-- [ RunTime:0.000783s ]
INFO: [ app_end ] --START--
INFO: Run Behavior\ShowPageTraceBehavior [ RunTime:0.000920s ]
INFO: [ app_end ] --END-- [ RunTime:0.001020s ]

