[ 2016-05-26T14:39:50+08:00 ] ::1 /zhds/
INFO: [ app_init ] --START--
INFO: Run Behavior\BuildLiteBehavior [ RunTime:0.000012s ]
INFO: [ app_init ] --END-- [ RunTime:0.000367s ]
INFO: [ app_begin ] --START--
INFO: Run Behavior\ReadHtmlCacheBehavior [ RunTime:0.000485s ]
INFO: [ app_begin ] --END-- [ RunTime:0.000530s ]
ERR: SQLSTATE[28000] [1045] Access denied for user 'root'@'localhost' (using password: YES)

[ 2016-05-26T14:42:39+08:00 ] ::1 /zhds/
INFO: [ app_init ] --START--
INFO: Run Behavior\BuildLiteBehavior [ RunTime:0.000013s ]
INFO: [ app_init ] --END-- [ RunTime:0.000391s ]
INFO: [ app_begin ] --START--
INFO: Run Behavior\ReadHtmlCacheBehavior [ RunTime:0.000621s ]
INFO: [ app_begin ] --END-- [ RunTime:0.000688s ]
SQL: SHOW COLUMNS FROM `zz_news` [ RunTime:0.0088s ]
SQL: SELECT * FROM `zz_news` ORDER BY time desc LIMIT 6   [ RunTime:0.0022s ]
INFO: [ view_parse ] --START--
INFO: [ template_filter ] --START--
INFO: Run Behavior\ContentReplaceBehavior [ RunTime:0.000145s ]
INFO: [ template_filter ] --END-- [ RunTime:0.000293s ]
NOTIC: [8] Use of undefined constant id - assumed 'id' C:\PHPstudy\WWW\zhds\App\Runtime\Cache\Home\00e52909bed743ea261af4b6823297ff.php 第 78 行.
NOTIC: [8] Use of undefined constant id - assumed 'id' C:\PHPstudy\WWW\zhds\App\Runtime\Cache\Home\00e52909bed743ea261af4b6823297ff.php 第 78 行.
NOTIC: [8] Use of undefined constant id - assumed 'id' C:\PHPstudy\WWW\zhds\App\Runtime\Cache\Home\00e52909bed743ea261af4b6823297ff.php 第 78 行.
NOTIC: [8] Use of undefined constant id - assumed 'id' C:\PHPstudy\WWW\zhds\App\Runtime\Cache\Home\00e52909bed743ea261af4b6823297ff.php 第 78 行.
NOTIC: [8] Use of undefined constant id - assumed 'id' C:\PHPstudy\WWW\zhds\App\Runtime\Cache\Home\00e52909bed743ea261af4b6823297ff.php 第 78 行.
NOTIC: [8] Use of undefined constant id - assumed 'id' C:\PHPstudy\WWW\zhds\App\Runtime\Cache\Home\00e52909bed743ea261af4b6823297ff.php 第 78 行.
INFO: Run Behavior\ParseTemplateBehavior [ RunTime:0.018145s ]
INFO: [ view_parse ] --END-- [ RunTime:0.018254s ]
INFO: [ view_filter ] --START--
INFO: Run Behavior\WriteHtmlCacheBehavior [ RunTime:0.000863s ]
INFO: [ view_filter ] --END-- [ RunTime:0.000950s ]
INFO: [ app_end ] --START--
INFO: Run Behavior\ShowPageTraceBehavior [ RunTime:0.001763s ]
INFO: [ app_end ] --END-- [ RunTime:0.001926s ]

[ 2016-05-26T14:49:27+08:00 ] ::1 /zhds/
INFO: [ app_init ] --START--
INFO: Run Behavior\BuildLiteBehavior [ RunTime:0.000021s ]
INFO: [ app_init ] --END-- [ RunTime:0.000678s ]
INFO: [ app_begin ] --START--
INFO: Run Behavior\ReadHtmlCacheBehavior [ RunTime:0.001083s ]
INFO: [ app_begin ] --END-- [ RunTime:0.001194s ]
SQL: SHOW COLUMNS FROM `zz_news` [ RunTime:0.0057s ]
SQL: SELECT * FROM `zz_news` ORDER BY time desc LIMIT 6   [ RunTime:0.0029s ]
INFO: [ view_parse ] --START--
INFO: [ template_filter ] --START--
INFO: Run Behavior\ContentReplaceBehavior [ RunTime:0.000166s ]
INFO: [ template_filter ] --END-- [ RunTime:0.000304s ]
NOTIC: [8] Use of undefined constant id - assumed 'id' C:\PHPstudy\WWW\zhds\App\Runtime\Cache\Home\00e52909bed743ea261af4b6823297ff.php 第 78 行.
NOTIC: [8] Use of undefined constant id - assumed 'id' C:\PHPstudy\WWW\zhds\App\Runtime\Cache\Home\00e52909bed743ea261af4b6823297ff.php 第 78 行.
NOTIC: [8] Use of undefined constant id - assumed 'id' C:\PHPstudy\WWW\zhds\App\Runtime\Cache\Home\00e52909bed743ea261af4b6823297ff.php 第 78 行.
NOTIC: [8] Use of undefined constant id - assumed 'id' C:\PHPstudy\WWW\zhds\App\Runtime\Cache\Home\00e52909bed743ea261af4b6823297ff.php 第 78 行.
NOTIC: [8] Use of undefined constant id - assumed 'id' C:\PHPstudy\WWW\zhds\App\Runtime\Cache\Home\00e52909bed743ea261af4b6823297ff.php 第 78 行.
NOTIC: [8] Use of undefined constant id - assumed 'id' C:\PHPstudy\WWW\zhds\App\Runtime\Cache\Home\00e52909bed743ea261af4b6823297ff.php 第 78 行.
INFO: Run Behavior\ParseTemplateBehavior [ RunTime:0.023487s ]
INFO: [ view_parse ] --END-- [ RunTime:0.023635s ]
INFO: [ view_filter ] --START--
INFO: Run Behavior\WriteHtmlCacheBehavior [ RunTime:0.001168s ]
INFO: [ view_filter ] --END-- [ RunTime:0.001270s ]
INFO: [ app_end ] --START--
INFO: Run Behavior\ShowPageTraceBehavior [ RunTime:0.001956s ]
INFO: [ app_end ] --END-- [ RunTime:0.002113s ]

[ 2016-05-26T14:51:36+08:00 ] ::1 /zhds/
INFO: [ app_init ] --START--
INFO: Run Behavior\BuildLiteBehavior [ RunTime:0.000024s ]
INFO: [ app_init ] --END-- [ RunTime:0.000830s ]
INFO: [ app_begin ] --START--
INFO: Run Behavior\ReadHtmlCacheBehavior [ RunTime:0.001073s ]
INFO: [ app_begin ] --END-- [ RunTime:0.001208s ]
SQL: SHOW COLUMNS FROM `zz_news` [ RunTime:0.0064s ]
SQL: SELECT * FROM `zz_news` ORDER BY time desc LIMIT 6   [ RunTime:0.0018s ]
INFO: [ view_parse ] --START--
INFO: [ template_filter ] --START--
INFO: Run Behavior\ContentReplaceBehavior [ RunTime:0.000158s ]
INFO: [ template_filter ] --END-- [ RunTime:0.000290s ]
NOTIC: [8] Use of undefined constant id - assumed 'id' C:\PHPstudy\WWW\zhds\App\Runtime\Cache\Home\00e52909bed743ea261af4b6823297ff.php 第 78 行.
NOTIC: [8] Use of undefined constant id - assumed 'id' C:\PHPstudy\WWW\zhds\App\Runtime\Cache\Home\00e52909bed743ea261af4b6823297ff.php 第 78 行.
NOTIC: [8] Use of undefined constant id - assumed 'id' C:\PHPstudy\WWW\zhds\App\Runtime\Cache\Home\00e52909bed743ea261af4b6823297ff.php 第 78 行.
NOTIC: [8] Use of undefined constant id - assumed 'id' C:\PHPstudy\WWW\zhds\App\Runtime\Cache\Home\00e52909bed743ea261af4b6823297ff.php 第 78 行.
NOTIC: [8] Use of undefined constant id - assumed 'id' C:\PHPstudy\WWW\zhds\App\Runtime\Cache\Home\00e52909bed743ea261af4b6823297ff.php 第 78 行.
NOTIC: [8] Use of undefined constant id - assumed 'id' C:\PHPstudy\WWW\zhds\App\Runtime\Cache\Home\00e52909bed743ea261af4b6823297ff.php 第 78 行.
INFO: Run Behavior\ParseTemplateBehavior [ RunTime:0.020164s ]
INFO: [ view_parse ] --END-- [ RunTime:0.020261s ]
INFO: [ view_filter ] --START--
INFO: Run Behavior\WriteHtmlCacheBehavior [ RunTime:0.000912s ]
INFO: [ view_filter ] --END-- [ RunTime:0.000982s ]
INFO: [ app_end ] --START--
INFO: Run Behavior\ShowPageTraceBehavior [ RunTime:0.001508s ]
INFO: [ app_end ] --END-- [ RunTime:0.001632s ]

[ 2016-05-26T15:15:18+08:00 ] ::1 /zhds/Home/Service/index.html
INFO: [ app_init ] --START--
INFO: Run Behavior\BuildLiteBehavior [ RunTime:0.000013s ]
INFO: [ app_init ] --END-- [ RunTime:0.000394s ]
INFO: [ app_begin ] --START--
INFO: Run Behavior\ReadHtmlCacheBehavior [ RunTime:0.000509s ]
INFO: [ app_begin ] --END-- [ RunTime:0.000560s ]
SQL: SHOW COLUMNS FROM `zz_goods` [ RunTime:0.0082s ]
SQL: SELECT * FROM `zz_goods` ORDER BY ol asc  [ RunTime:0.0006s ]
INFO: [ view_parse ] --START--
INFO: [ template_filter ] --START--
INFO: Run Behavior\ContentReplaceBehavior [ RunTime:0.000073s ]
INFO: [ template_filter ] --END-- [ RunTime:0.000162s ]
NOTIC: [8] Use of undefined constant href - assumed 'href' C:\PHPstudy\WWW\zhds\App\Runtime\Cache\Home\2c040600bfe38a8a20a1a09f59064127.php 第 60 行.
INFO: Run Behavior\ParseTemplateBehavior [ RunTime:0.012863s ]
INFO: [ view_parse ] --END-- [ RunTime:0.012940s ]
INFO: [ view_filter ] --START--
INFO: Run Behavior\WriteHtmlCacheBehavior [ RunTime:0.000431s ]
INFO: [ view_filter ] --END-- [ RunTime:0.000473s ]
INFO: [ app_end ] --START--
INFO: Run Behavior\ShowPageTraceBehavior [ RunTime:0.000566s ]
INFO: [ app_end ] --END-- [ RunTime:0.000610s ]

[ 2016-05-26T15:15:20+08:00 ] ::1 /zhds/Home/Case/index.html
INFO: [ app_init ] --START--
INFO: Run Behavior\BuildLiteBehavior [ RunTime:0.000012s ]
INFO: [ app_init ] --END-- [ RunTime:0.000355s ]
INFO: [ app_begin ] --START--
INFO: Run Behavior\ReadHtmlCacheBehavior [ RunTime:0.000417s ]
INFO: [ app_begin ] --END-- [ RunTime:0.000462s ]
SQL: SHOW COLUMNS FROM `zz_list` [ RunTime:0.0078s ]
SQL: SELECT * FROM `zz_list`  [ RunTime:0.0018s ]
INFO: [ view_parse ] --START--
INFO: [ template_filter ] --START--
INFO: Run Behavior\ContentReplaceBehavior [ RunTime:0.000120s ]
INFO: [ template_filter ] --END-- [ RunTime:0.000265s ]
NOTIC: [8] Use of undefined constant id - assumed 'id' C:\PHPstudy\WWW\zhds\App\Runtime\Cache\Home\676f5efd1e91a6e64bbbb4208eb177e2.php 第 58 行.
NOTIC: [8] Use of undefined constant href - assumed 'href' C:\PHPstudy\WWW\zhds\App\Runtime\Cache\Home\676f5efd1e91a6e64bbbb4208eb177e2.php 第 58 行.
NOTIC: [8] Use of undefined constant id - assumed 'id' C:\PHPstudy\WWW\zhds\App\Runtime\Cache\Home\676f5efd1e91a6e64bbbb4208eb177e2.php 第 60 行.
NOTIC: [8] Use of undefined constant id - assumed 'id' C:\PHPstudy\WWW\zhds\App\Runtime\Cache\Home\676f5efd1e91a6e64bbbb4208eb177e2.php 第 63 行.
NOTIC: [8] Use of undefined constant id - assumed 'id' C:\PHPstudy\WWW\zhds\App\Runtime\Cache\Home\676f5efd1e91a6e64bbbb4208eb177e2.php 第 58 行.
NOTIC: [8] Use of undefined constant href - assumed 'href' C:\PHPstudy\WWW\zhds\App\Runtime\Cache\Home\676f5efd1e91a6e64bbbb4208eb177e2.php 第 58 行.
NOTIC: [8] Use of undefined constant id - assumed 'id' C:\PHPstudy\WWW\zhds\App\Runtime\Cache\Home\676f5efd1e91a6e64bbbb4208eb177e2.php 第 60 行.
NOTIC: [8] Use of undefined constant id - assumed 'id' C:\PHPstudy\WWW\zhds\App\Runtime\Cache\Home\676f5efd1e91a6e64bbbb4208eb177e2.php 第 63 行.
NOTIC: [8] Use of undefined constant id - assumed 'id' C:\PHPstudy\WWW\zhds\App\Runtime\Cache\Home\676f5efd1e91a6e64bbbb4208eb177e2.php 第 58 行.
NOTIC: [8] Use of undefined constant href - assumed 'href' C:\PHPstudy\WWW\zhds\App\Runtime\Cache\Home\676f5efd1e91a6e64bbbb4208eb177e2.php 第 58 行.
NOTIC: [8] Use of undefined constant id - assumed 'id' C:\PHPstudy\WWW\zhds\App\Runtime\Cache\Home\676f5efd1e91a6e64bbbb4208eb177e2.php 第 60 行.
NOTIC: [8] Use of undefined constant id - assumed 'id' C:\PHPstudy\WWW\zhds\App\Runtime\Cache\Home\676f5efd1e91a6e64bbbb4208eb177e2.php 第 63 行.
INFO: Run Behavior\ParseTemplateBehavior [ RunTime:0.018517s ]
INFO: [ view_parse ] --END-- [ RunTime:0.018642s ]
INFO: [ view_filter ] --START--
INFO: Run Behavior\WriteHtmlCacheBehavior [ RunTime:0.000685s ]
INFO: [ view_filter ] --END-- [ RunTime:0.000784s ]
INFO: [ app_end ] --START--
INFO: Run Behavior\ShowPageTraceBehavior [ RunTime:0.001104s ]
INFO: [ app_end ] --END-- [ RunTime:0.001173s ]

[ 2016-05-26T15:15:22+08:00 ] ::1 /zhds/Home/News/index.html
INFO: [ app_init ] --START--
INFO: Run Behavior\BuildLiteBehavior [ RunTime:0.000023s ]
INFO: [ app_init ] --END-- [ RunTime:0.000853s ]
INFO: [ app_begin ] --START--
INFO: Run Behavior\ReadHtmlCacheBehavior [ RunTime:0.000819s ]
INFO: [ app_begin ] --END-- [ RunTime:0.000921s ]
SQL: SHOW COLUMNS FROM `zz_news` [ RunTime:0.0064s ]
SQL: SELECT * FROM `zz_news` ORDER BY time desc  [ RunTime:0.0026s ]
INFO: [ view_parse ] --START--
INFO: [ template_filter ] --START--
INFO: Run Behavior\ContentReplaceBehavior [ RunTime:0.000121s ]
INFO: [ template_filter ] --END-- [ RunTime:0.000259s ]
NOTIC: [8] Use of undefined constant id - assumed 'id' C:\PHPstudy\WWW\zhds\App\Runtime\Cache\Home\e050d5619624146a648edb153a9a4fd8.php 第 59 行.
NOTIC: [8] Use of undefined constant id - assumed 'id' C:\PHPstudy\WWW\zhds\App\Runtime\Cache\Home\e050d5619624146a648edb153a9a4fd8.php 第 59 行.
NOTIC: [8] Use of undefined constant id - assumed 'id' C:\PHPstudy\WWW\zhds\App\Runtime\Cache\Home\e050d5619624146a648edb153a9a4fd8.php 第 59 行.
NOTIC: [8] Use of undefined constant id - assumed 'id' C:\PHPstudy\WWW\zhds\App\Runtime\Cache\Home\e050d5619624146a648edb153a9a4fd8.php 第 59 行.
NOTIC: [8] Use of undefined constant id - assumed 'id' C:\PHPstudy\WWW\zhds\App\Runtime\Cache\Home\e050d5619624146a648edb153a9a4fd8.php 第 59 行.
NOTIC: [8] Use of undefined constant id - assumed 'id' C:\PHPstudy\WWW\zhds\App\Runtime\Cache\Home\e050d5619624146a648edb153a9a4fd8.php 第 59 行.
INFO: Run Behavior\ParseTemplateBehavior [ RunTime:0.017096s ]
INFO: [ view_parse ] --END-- [ RunTime:0.017183s ]
INFO: [ view_filter ] --START--
INFO: Run Behavior\WriteHtmlCacheBehavior [ RunTime:0.000605s ]
INFO: [ view_filter ] --END-- [ RunTime:0.000653s ]
INFO: [ app_end ] --START--
INFO: Run Behavior\ShowPageTraceBehavior [ RunTime:0.000730s ]
INFO: [ app_end ] --END-- [ RunTime:0.000779s ]

[ 2016-05-26T15:15:23+08:00 ] ::1 /zhds/Home/Comp/index.html
INFO: [ app_init ] --START--
INFO: Run Behavior\BuildLiteBehavior [ RunTime:0.000014s ]
INFO: [ app_init ] --END-- [ RunTime:0.000419s ]
INFO: [ app_begin ] --START--
INFO: Run Behavior\ReadHtmlCacheBehavior [ RunTime:0.000525s ]
INFO: [ app_begin ] --END-- [ RunTime:0.000571s ]
INFO: [ view_parse ] --START--
INFO: [ template_filter ] --START--
INFO: Run Behavior\ContentReplaceBehavior [ RunTime:0.000059s ]
INFO: [ template_filter ] --END-- [ RunTime:0.000111s ]
INFO: Run Behavior\ParseTemplateBehavior [ RunTime:0.005859s ]
INFO: [ view_parse ] --END-- [ RunTime:0.005919s ]
INFO: [ view_filter ] --START--
INFO: Run Behavior\WriteHtmlCacheBehavior [ RunTime:0.000448s ]
INFO: [ view_filter ] --END-- [ RunTime:0.000485s ]
INFO: [ app_end ] --START--
INFO: Run Behavior\ShowPageTraceBehavior [ RunTime:0.000593s ]
INFO: [ app_end ] --END-- [ RunTime:0.000634s ]

[ 2016-05-26T15:15:27+08:00 ] ::1 /zhds/Home/News/index.html
INFO: [ app_init ] --START--
INFO: Run Behavior\BuildLiteBehavior [ RunTime:0.000013s ]
INFO: [ app_init ] --END-- [ RunTime:0.000396s ]
INFO: [ app_begin ] --START--
INFO: Run Behavior\ReadHtmlCacheBehavior [ RunTime:0.000560s ]
INFO: [ app_begin ] --END-- [ RunTime:0.000607s ]
SQL: SHOW COLUMNS FROM `zz_news` [ RunTime:0.0095s ]
SQL: SELECT * FROM `zz_news` ORDER BY time desc  [ RunTime:0.0044s ]
INFO: [ view_parse ] --START--
INFO: [ template_filter ] --START--
INFO: Run Behavior\ContentReplaceBehavior [ RunTime:0.000076s ]
INFO: [ template_filter ] --END-- [ RunTime:0.000168s ]
NOTIC: [8] Use of undefined constant id - assumed 'id' C:\PHPstudy\WWW\zhds\App\Runtime\Cache\Home\e050d5619624146a648edb153a9a4fd8.php 第 59 行.
NOTIC: [8] Use of undefined constant id - assumed 'id' C:\PHPstudy\WWW\zhds\App\Runtime\Cache\Home\e050d5619624146a648edb153a9a4fd8.php 第 59 行.
NOTIC: [8] Use of undefined constant id - assumed 'id' C:\PHPstudy\WWW\zhds\App\Runtime\Cache\Home\e050d5619624146a648edb153a9a4fd8.php 第 59 行.
NOTIC: [8] Use of undefined constant id - assumed 'id' C:\PHPstudy\WWW\zhds\App\Runtime\Cache\Home\e050d5619624146a648edb153a9a4fd8.php 第 59 行.
NOTIC: [8] Use of undefined constant id - assumed 'id' C:\PHPstudy\WWW\zhds\App\Runtime\Cache\Home\e050d5619624146a648edb153a9a4fd8.php 第 59 行.
NOTIC: [8] Use of undefined constant id - assumed 'id' C:\PHPstudy\WWW\zhds\App\Runtime\Cache\Home\e050d5619624146a648edb153a9a4fd8.php 第 59 行.
INFO: Run Behavior\ParseTemplateBehavior [ RunTime:0.018187s ]
INFO: [ view_parse ] --END-- [ RunTime:0.018398s ]
INFO: [ view_filter ] --START--
INFO: Run Behavior\WriteHtmlCacheBehavior [ RunTime:0.000563s ]
INFO: [ view_filter ] --END-- [ RunTime:0.000631s ]
INFO: [ app_end ] --START--
INFO: Run Behavior\ShowPageTraceBehavior [ RunTime:0.000816s ]
INFO: [ app_end ] --END-- [ RunTime:0.000884s ]

[ 2016-05-26T15:15:28+08:00 ] ::1 /zhds/Home/Case/index.html
INFO: [ app_init ] --START--
INFO: Run Behavior\BuildLiteBehavior [ RunTime:0.000013s ]
INFO: [ app_init ] --END-- [ RunTime:0.000349s ]
INFO: [ app_begin ] --START--
INFO: Run Behavior\ReadHtmlCacheBehavior [ RunTime:0.000506s ]
INFO: [ app_begin ] --END-- [ RunTime:0.000554s ]
SQL: SHOW COLUMNS FROM `zz_list` [ RunTime:0.0120s ]
SQL: SELECT * FROM `zz_list`  [ RunTime:0.0021s ]
INFO: [ view_parse ] --START--
INFO: [ template_filter ] --START--
INFO: Run Behavior\ContentReplaceBehavior [ RunTime:0.000088s ]
INFO: [ template_filter ] --END-- [ RunTime:0.000189s ]
NOTIC: [8] Use of undefined constant id - assumed 'id' C:\PHPstudy\WWW\zhds\App\Runtime\Cache\Home\676f5efd1e91a6e64bbbb4208eb177e2.php 第 58 行.
NOTIC: [8] Use of undefined constant href - assumed 'href' C:\PHPstudy\WWW\zhds\App\Runtime\Cache\Home\676f5efd1e91a6e64bbbb4208eb177e2.php 第 58 行.
NOTIC: [8] Use of undefined constant id - assumed 'id' C:\PHPstudy\WWW\zhds\App\Runtime\Cache\Home\676f5efd1e91a6e64bbbb4208eb177e2.php 第 60 行.
NOTIC: [8] Use of undefined constant id - assumed 'id' C:\PHPstudy\WWW\zhds\App\Runtime\Cache\Home\676f5efd1e91a6e64bbbb4208eb177e2.php 第 63 行.
NOTIC: [8] Use of undefined constant id - assumed 'id' C:\PHPstudy\WWW\zhds\App\Runtime\Cache\Home\676f5efd1e91a6e64bbbb4208eb177e2.php 第 58 行.
NOTIC: [8] Use of undefined constant href - assumed 'href' C:\PHPstudy\WWW\zhds\App\Runtime\Cache\Home\676f5efd1e91a6e64bbbb4208eb177e2.php 第 58 行.
NOTIC: [8] Use of undefined constant id - assumed 'id' C:\PHPstudy\WWW\zhds\App\Runtime\Cache\Home\676f5efd1e91a6e64bbbb4208eb177e2.php 第 60 行.
NOTIC: [8] Use of undefined constant id - assumed 'id' C:\PHPstudy\WWW\zhds\App\Runtime\Cache\Home\676f5efd1e91a6e64bbbb4208eb177e2.php 第 63 行.
NOTIC: [8] Use of undefined constant id - assumed 'id' C:\PHPstudy\WWW\zhds\App\Runtime\Cache\Home\676f5efd1e91a6e64bbbb4208eb177e2.php 第 58 行.
NOTIC: [8] Use of undefined constant href - assumed 'href' C:\PHPstudy\WWW\zhds\App\Runtime\Cache\Home\676f5efd1e91a6e64bbbb4208eb177e2.php 第 58 行.
NOTIC: [8] Use of undefined constant id - assumed 'id' C:\PHPstudy\WWW\zhds\App\Runtime\Cache\Home\676f5efd1e91a6e64bbbb4208eb177e2.php 第 60 行.
NOTIC: [8] Use of undefined constant id - assumed 'id' C:\PHPstudy\WWW\zhds\App\Runtime\Cache\Home\676f5efd1e91a6e64bbbb4208eb177e2.php 第 63 行.
INFO: Run Behavior\ParseTemplateBehavior [ RunTime:0.026535s ]
INFO: [ view_parse ] --END-- [ RunTime:0.026685s ]
INFO: [ view_filter ] --START--
INFO: Run Behavior\WriteHtmlCacheBehavior [ RunTime:0.000753s ]
INFO: [ view_filter ] --END-- [ RunTime:0.000826s ]
INFO: [ app_end ] --START--
INFO: Run Behavior\ShowPageTraceBehavior [ RunTime:0.000982s ]
INFO: [ app_end ] --END-- [ RunTime:0.001055s ]

[ 2016-05-26T15:15:29+08:00 ] ::1 /zhds/Home/Service/index.html
INFO: [ app_init ] --START--
INFO: Run Behavior\BuildLiteBehavior [ RunTime:0.000013s ]
INFO: [ app_init ] --END-- [ RunTime:0.000377s ]
INFO: [ app_begin ] --START--
INFO: Run Behavior\ReadHtmlCacheBehavior [ RunTime:0.000661s ]
INFO: [ app_begin ] --END-- [ RunTime:0.000711s ]
SQL: SHOW COLUMNS FROM `zz_goods` [ RunTime:0.0131s ]
SQL: SELECT * FROM `zz_goods` ORDER BY ol asc  [ RunTime:0.0014s ]
INFO: [ view_parse ] --START--
INFO: [ template_filter ] --START--
INFO: Run Behavior\ContentReplaceBehavior [ RunTime:0.000170s ]
INFO: [ template_filter ] --END-- [ RunTime:0.000363s ]
NOTIC: [8] Use of undefined constant href - assumed 'href' C:\PHPstudy\WWW\zhds\App\Runtime\Cache\Home\2c040600bfe38a8a20a1a09f59064127.php 第 60 行.
INFO: Run Behavior\ParseTemplateBehavior [ RunTime:0.031212s ]
INFO: [ view_parse ] --END-- [ RunTime:0.031378s ]
INFO: [ view_filter ] --START--
INFO: Run Behavior\WriteHtmlCacheBehavior [ RunTime:0.000963s ]
INFO: [ view_filter ] --END-- [ RunTime:0.001061s ]
INFO: [ app_end ] --START--
INFO: Run Behavior\ShowPageTraceBehavior [ RunTime:0.001350s ]
INFO: [ app_end ] --END-- [ RunTime:0.001454s ]

[ 2016-05-26T15:15:31+08:00 ] ::1 /zhds/Home/Index/index.html
INFO: [ app_init ] --START--
INFO: Run Behavior\BuildLiteBehavior [ RunTime:0.000013s ]
INFO: [ app_init ] --END-- [ RunTime:0.000372s ]
INFO: [ app_begin ] --START--
INFO: Run Behavior\ReadHtmlCacheBehavior [ RunTime:0.000489s ]
INFO: [ app_begin ] --END-- [ RunTime:0.000534s ]
SQL: SHOW COLUMNS FROM `zz_news` [ RunTime:0.0041s ]
SQL: SELECT * FROM `zz_news` ORDER BY time desc LIMIT 6   [ RunTime:0.0020s ]
INFO: [ view_parse ] --START--
INFO: [ template_filter ] --START--
INFO: Run Behavior\ContentReplaceBehavior [ RunTime:0.000110s ]
INFO: [ template_filter ] --END-- [ RunTime:0.000195s ]
NOTIC: [8] Use of undefined constant id - assumed 'id' C:\PHPstudy\WWW\zhds\App\Runtime\Cache\Home\00e52909bed743ea261af4b6823297ff.php 第 78 行.
NOTIC: [8] Use of undefined constant id - assumed 'id' C:\PHPstudy\WWW\zhds\App\Runtime\Cache\Home\00e52909bed743ea261af4b6823297ff.php 第 78 行.
NOTIC: [8] Use of undefined constant id - assumed 'id' C:\PHPstudy\WWW\zhds\App\Runtime\Cache\Home\00e52909bed743ea261af4b6823297ff.php 第 78 行.
NOTIC: [8] Use of undefined constant id - assumed 'id' C:\PHPstudy\WWW\zhds\App\Runtime\Cache\Home\00e52909bed743ea261af4b6823297ff.php 第 78 行.
NOTIC: [8] Use of undefined constant id - assumed 'id' C:\PHPstudy\WWW\zhds\App\Runtime\Cache\Home\00e52909bed743ea261af4b6823297ff.php 第 78 行.
NOTIC: [8] Use of undefined constant id - assumed 'id' C:\PHPstudy\WWW\zhds\App\Runtime\Cache\Home\00e52909bed743ea261af4b6823297ff.php 第 78 行.
INFO: Run Behavior\ParseTemplateBehavior [ RunTime:0.014285s ]
INFO: [ view_parse ] --END-- [ RunTime:0.014369s ]
INFO: [ view_filter ] --START--
INFO: Run Behavior\WriteHtmlCacheBehavior [ RunTime:0.000647s ]
INFO: [ view_filter ] --END-- [ RunTime:0.000716s ]
INFO: [ app_end ] --START--
INFO: Run Behavior\ShowPageTraceBehavior [ RunTime:0.001267s ]
INFO: [ app_end ] --END-- [ RunTime:0.001409s ]

[ 2016-05-26T15:15:40+08:00 ] ::1 /zhds/Home/Index/index.html
INFO: [ app_init ] --START--
INFO: Run Behavior\BuildLiteBehavior [ RunTime:0.000029s ]
INFO: [ app_init ] --END-- [ RunTime:0.000787s ]
INFO: [ app_begin ] --START--
INFO: Run Behavior\ReadHtmlCacheBehavior [ RunTime:0.000644s ]
INFO: [ app_begin ] --END-- [ RunTime:0.000731s ]
SQL: SHOW COLUMNS FROM `zz_news` [ RunTime:0.0031s ]
SQL: SELECT * FROM `zz_news` ORDER BY time desc LIMIT 6   [ RunTime:0.0007s ]
INFO: [ view_parse ] --START--
INFO: [ template_filter ] --START--
INFO: Run Behavior\ContentReplaceBehavior [ RunTime:0.000064s ]
INFO: [ template_filter ] --END-- [ RunTime:0.000119s ]
NOTIC: [8] Use of undefined constant id - assumed 'id' C:\PHPstudy\WWW\zhds\App\Runtime\Cache\Home\00e52909bed743ea261af4b6823297ff.php 第 78 行.
NOTIC: [8] Use of undefined constant id - assumed 'id' C:\PHPstudy\WWW\zhds\App\Runtime\Cache\Home\00e52909bed743ea261af4b6823297ff.php 第 78 行.
NOTIC: [8] Use of undefined constant id - assumed 'id' C:\PHPstudy\WWW\zhds\App\Runtime\Cache\Home\00e52909bed743ea261af4b6823297ff.php 第 78 行.
NOTIC: [8] Use of undefined constant id - assumed 'id' C:\PHPstudy\WWW\zhds\App\Runtime\Cache\Home\00e52909bed743ea261af4b6823297ff.php 第 78 行.
NOTIC: [8] Use of undefined constant id - assumed 'id' C:\PHPstudy\WWW\zhds\App\Runtime\Cache\Home\00e52909bed743ea261af4b6823297ff.php 第 78 行.
NOTIC: [8] Use of undefined constant id - assumed 'id' C:\PHPstudy\WWW\zhds\App\Runtime\Cache\Home\00e52909bed743ea261af4b6823297ff.php 第 78 行.
INFO: Run Behavior\ParseTemplateBehavior [ RunTime:0.009859s ]
INFO: [ view_parse ] --END-- [ RunTime:0.009940s ]
INFO: [ view_filter ] --START--
INFO: Run Behavior\WriteHtmlCacheBehavior [ RunTime:0.000689s ]
INFO: [ view_filter ] --END-- [ RunTime:0.000761s ]
INFO: [ app_end ] --START--
INFO: Run Behavior\ShowPageTraceBehavior [ RunTime:0.000824s ]
INFO: [ app_end ] --END-- [ RunTime:0.000929s ]

[ 2016-05-26T15:16:24+08:00 ] ::1 /zhds/
INFO: [ app_init ] --START--
INFO: Run Behavior\BuildLiteBehavior [ RunTime:0.000061s ]
INFO: [ app_init ] --END-- [ RunTime:0.000870s ]
INFO: [ app_begin ] --START--
INFO: Run Behavior\ReadHtmlCacheBehavior [ RunTime:0.001057s ]
INFO: [ app_begin ] --END-- [ RunTime:0.001198s ]
SQL: SHOW COLUMNS FROM `zz_news` [ RunTime:0.0040s ]
SQL: SELECT * FROM `zz_news` ORDER BY time desc LIMIT 6   [ RunTime:0.0008s ]
INFO: [ view_parse ] --START--
INFO: [ template_filter ] --START--
INFO: Run Behavior\ContentReplaceBehavior [ RunTime:0.000116s ]
INFO: [ template_filter ] --END-- [ RunTime:0.000245s ]
NOTIC: [8] Use of undefined constant id - assumed 'id' C:\PHPstudy\WWW\zhds\App\Runtime\Cache\Home\00e52909bed743ea261af4b6823297ff.php 第 78 行.
NOTIC: [8] Use of undefined constant id - assumed 'id' C:\PHPstudy\WWW\zhds\App\Runtime\Cache\Home\00e52909bed743ea261af4b6823297ff.php 第 78 行.
NOTIC: [8] Use of undefined constant id - assumed 'id' C:\PHPstudy\WWW\zhds\App\Runtime\Cache\Home\00e52909bed743ea261af4b6823297ff.php 第 78 行.
NOTIC: [8] Use of undefined constant id - assumed 'id' C:\PHPstudy\WWW\zhds\App\Runtime\Cache\Home\00e52909bed743ea261af4b6823297ff.php 第 78 行.
NOTIC: [8] Use of undefined constant id - assumed 'id' C:\PHPstudy\WWW\zhds\App\Runtime\Cache\Home\00e52909bed743ea261af4b6823297ff.php 第 78 行.
NOTIC: [8] Use of undefined constant id - assumed 'id' C:\PHPstudy\WWW\zhds\App\Runtime\Cache\Home\00e52909bed743ea261af4b6823297ff.php 第 78 行.
INFO: Run Behavior\ParseTemplateBehavior [ RunTime:0.013125s ]
INFO: [ view_parse ] --END-- [ RunTime:0.013200s ]
INFO: [ view_filter ] --START--
INFO: Run Behavior\WriteHtmlCacheBehavior [ RunTime:0.000496s ]
INFO: [ view_filter ] --END-- [ RunTime:0.000538s ]
INFO: [ app_end ] --START--
INFO: Run Behavior\ShowPageTraceBehavior [ RunTime:0.000570s ]
INFO: [ app_end ] --END-- [ RunTime:0.000616s ]

[ 2016-05-26T15:16:26+08:00 ] ::1 /zhds/Home/Index/index.html
INFO: [ app_init ] --START--
INFO: Run Behavior\BuildLiteBehavior [ RunTime:0.000024s ]
INFO: [ app_init ] --END-- [ RunTime:0.000461s ]
INFO: [ app_begin ] --START--
INFO: Run Behavior\ReadHtmlCacheBehavior [ RunTime:0.000617s ]
INFO: [ app_begin ] --END-- [ RunTime:0.000700s ]
SQL: SHOW COLUMNS FROM `zz_news` [ RunTime:0.0038s ]
SQL: SELECT * FROM `zz_news` ORDER BY time desc LIMIT 6   [ RunTime:0.0008s ]
INFO: [ view_parse ] --START--
INFO: [ template_filter ] --START--
INFO: Run Behavior\ContentReplaceBehavior [ RunTime:0.000169s ]
INFO: [ template_filter ] --END-- [ RunTime:0.000385s ]
NOTIC: [8] Use of undefined constant id - assumed 'id' C:\PHPstudy\WWW\zhds\App\Runtime\Cache\Home\00e52909bed743ea261af4b6823297ff.php 第 78 行.
NOTIC: [8] Use of undefined constant id - assumed 'id' C:\PHPstudy\WWW\zhds\App\Runtime\Cache\Home\00e52909bed743ea261af4b6823297ff.php 第 78 行.
NOTIC: [8] Use of undefined constant id - assumed 'id' C:\PHPstudy\WWW\zhds\App\Runtime\Cache\Home\00e52909bed743ea261af4b6823297ff.php 第 78 行.
NOTIC: [8] Use of undefined constant id - assumed 'id' C:\PHPstudy\WWW\zhds\App\Runtime\Cache\Home\00e52909bed743ea261af4b6823297ff.php 第 78 行.
NOTIC: [8] Use of undefined constant id - assumed 'id' C:\PHPstudy\WWW\zhds\App\Runtime\Cache\Home\00e52909bed743ea261af4b6823297ff.php 第 78 行.
NOTIC: [8] Use of undefined constant id - assumed 'id' C:\PHPstudy\WWW\zhds\App\Runtime\Cache\Home\00e52909bed743ea261af4b6823297ff.php 第 78 行.
INFO: Run Behavior\ParseTemplateBehavior [ RunTime:0.010293s ]
INFO: [ view_parse ] --END-- [ RunTime:0.010370s ]
INFO: [ view_filter ] --START--
INFO: Run Behavior\WriteHtmlCacheBehavior [ RunTime:0.000597s ]
INFO: [ view_filter ] --END-- [ RunTime:0.000672s ]
INFO: [ app_end ] --START--
INFO: Run Behavior\ShowPageTraceBehavior [ RunTime:0.000813s ]
INFO: [ app_end ] --END-- [ RunTime:0.000924s ]

[ 2016-05-26T15:16:32+08:00 ] ::1 /zhds/Home/Index/index.html
INFO: [ app_init ] --START--
INFO: Run Behavior\BuildLiteBehavior [ RunTime:0.000022s ]
INFO: [ app_init ] --END-- [ RunTime:0.000643s ]
INFO: [ app_begin ] --START--
INFO: Run Behavior\ReadHtmlCacheBehavior [ RunTime:0.000779s ]
INFO: [ app_begin ] --END-- [ RunTime:0.000874s ]
SQL: SHOW COLUMNS FROM `zz_news` [ RunTime:0.0046s ]
SQL: SELECT * FROM `zz_news` ORDER BY time desc LIMIT 6   [ RunTime:0.0009s ]
INFO: [ view_parse ] --START--
INFO: [ template_filter ] --START--
INFO: Run Behavior\ContentReplaceBehavior [ RunTime:0.000062s ]
INFO: [ template_filter ] --END-- [ RunTime:0.000113s ]
NOTIC: [8] Use of undefined constant id - assumed 'id' C:\PHPstudy\WWW\zhds\App\Runtime\Cache\Home\00e52909bed743ea261af4b6823297ff.php 第 78 行.
NOTIC: [8] Use of undefined constant id - assumed 'id' C:\PHPstudy\WWW\zhds\App\Runtime\Cache\Home\00e52909bed743ea261af4b6823297ff.php 第 78 行.
NOTIC: [8] Use of undefined constant id - assumed 'id' C:\PHPstudy\WWW\zhds\App\Runtime\Cache\Home\00e52909bed743ea261af4b6823297ff.php 第 78 行.
NOTIC: [8] Use of undefined constant id - assumed 'id' C:\PHPstudy\WWW\zhds\App\Runtime\Cache\Home\00e52909bed743ea261af4b6823297ff.php 第 78 行.
NOTIC: [8] Use of undefined constant id - assumed 'id' C:\PHPstudy\WWW\zhds\App\Runtime\Cache\Home\00e52909bed743ea261af4b6823297ff.php 第 78 行.
NOTIC: [8] Use of undefined constant id - assumed 'id' C:\PHPstudy\WWW\zhds\App\Runtime\Cache\Home\00e52909bed743ea261af4b6823297ff.php 第 78 行.
INFO: Run Behavior\ParseTemplateBehavior [ RunTime:0.006912s ]
INFO: [ view_parse ] --END-- [ RunTime:0.006977s ]
INFO: [ view_filter ] --START--
INFO: Run Behavior\WriteHtmlCacheBehavior [ RunTime:0.000680s ]
INFO: [ view_filter ] --END-- [ RunTime:0.000782s ]
INFO: [ app_end ] --START--
INFO: Run Behavior\ShowPageTraceBehavior [ RunTime:0.000778s ]
INFO: [ app_end ] --END-- [ RunTime:0.000954s ]

[ 2016-05-26T15:16:40+08:00 ] ::1 /zhds/Home/Index/index.html
INFO: [ app_init ] --START--
INFO: Run Behavior\BuildLiteBehavior [ RunTime:0.000032s ]
INFO: [ app_init ] --END-- [ RunTime:0.000642s ]
INFO: [ app_begin ] --START--
INFO: Run Behavior\ReadHtmlCacheBehavior [ RunTime:0.000651s ]
INFO: [ app_begin ] --END-- [ RunTime:0.000733s ]
SQL: SHOW COLUMNS FROM `zz_news` [ RunTime:0.0097s ]
SQL: SELECT * FROM `zz_news` ORDER BY time desc LIMIT 6   [ RunTime:0.0033s ]
INFO: [ view_parse ] --START--
INFO: [ template_filter ] --START--
INFO: Run Behavior\ContentReplaceBehavior [ RunTime:0.000157s ]
INFO: [ template_filter ] --END-- [ RunTime:0.000282s ]
NOTIC: [8] Use of undefined constant id - assumed 'id' C:\PHPstudy\WWW\zhds\App\Runtime\Cache\Home\00e52909bed743ea261af4b6823297ff.php 第 78 行.
NOTIC: [8] Use of undefined constant id - assumed 'id' C:\PHPstudy\WWW\zhds\App\Runtime\Cache\Home\00e52909bed743ea261af4b6823297ff.php 第 78 行.
NOTIC: [8] Use of undefined constant id - assumed 'id' C:\PHPstudy\WWW\zhds\App\Runtime\Cache\Home\00e52909bed743ea261af4b6823297ff.php 第 78 行.
NOTIC: [8] Use of undefined constant id - assumed 'id' C:\PHPstudy\WWW\zhds\App\Runtime\Cache\Home\00e52909bed743ea261af4b6823297ff.php 第 78 行.
NOTIC: [8] Use of undefined constant id - assumed 'id' C:\PHPstudy\WWW\zhds\App\Runtime\Cache\Home\00e52909bed743ea261af4b6823297ff.php 第 78 行.
NOTIC: [8] Use of undefined constant id - assumed 'id' C:\PHPstudy\WWW\zhds\App\Runtime\Cache\Home\00e52909bed743ea261af4b6823297ff.php 第 78 行.
INFO: Run Behavior\ParseTemplateBehavior [ RunTime:0.017618s ]
INFO: [ view_parse ] --END-- [ RunTime:0.017786s ]
INFO: [ view_filter ] --START--
INFO: Run Behavior\WriteHtmlCacheBehavior [ RunTime:0.000519s ]
INFO: [ view_filter ] --END-- [ RunTime:0.000577s ]
INFO: [ app_end ] --START--
INFO: Run Behavior\ShowPageTraceBehavior [ RunTime:0.000672s ]
INFO: [ app_end ] --END-- [ RunTime:0.000758s ]

[ 2016-05-26T15:17:50+08:00 ] ::1 /zhds/Home/Index/index.html
INFO: [ app_init ] --START--
INFO: Run Behavior\BuildLiteBehavior [ RunTime:0.000060s ]
INFO: [ app_init ] --END-- [ RunTime:0.000991s ]
INFO: [ app_begin ] --START--
INFO: Run Behavior\ReadHtmlCacheBehavior [ RunTime:0.000779s ]
INFO: [ app_begin ] --END-- [ RunTime:0.000860s ]
SQL: SHOW COLUMNS FROM `zz_news` [ RunTime:0.0108s ]
SQL: SELECT * FROM `zz_news` ORDER BY time desc LIMIT 6   [ RunTime:0.0031s ]
INFO: [ view_parse ] --START--
INFO: [ template_filter ] --START--
INFO: Run Behavior\ContentReplaceBehavior [ RunTime:0.000144s ]
INFO: [ template_filter ] --END-- [ RunTime:0.000258s ]
NOTIC: [8] Use of undefined constant id - assumed 'id' C:\PHPstudy\WWW\zhds\App\Runtime\Cache\Home\00e52909bed743ea261af4b6823297ff.php 第 78 行.
NOTIC: [8] Use of undefined constant id - assumed 'id' C:\PHPstudy\WWW\zhds\App\Runtime\Cache\Home\00e52909bed743ea261af4b6823297ff.php 第 78 行.
NOTIC: [8] Use of undefined constant id - assumed 'id' C:\PHPstudy\WWW\zhds\App\Runtime\Cache\Home\00e52909bed743ea261af4b6823297ff.php 第 78 行.
NOTIC: [8] Use of undefined constant id - assumed 'id' C:\PHPstudy\WWW\zhds\App\Runtime\Cache\Home\00e52909bed743ea261af4b6823297ff.php 第 78 行.
NOTIC: [8] Use of undefined constant id - assumed 'id' C:\PHPstudy\WWW\zhds\App\Runtime\Cache\Home\00e52909bed743ea261af4b6823297ff.php 第 78 行.
NOTIC: [8] Use of undefined constant id - assumed 'id' C:\PHPstudy\WWW\zhds\App\Runtime\Cache\Home\00e52909bed743ea261af4b6823297ff.php 第 78 行.
INFO: Run Behavior\ParseTemplateBehavior [ RunTime:0.023989s ]
INFO: [ view_parse ] --END-- [ RunTime:0.024137s ]
INFO: [ view_filter ] --START--
INFO: Run Behavior\WriteHtmlCacheBehavior [ RunTime:0.000984s ]
INFO: [ view_filter ] --END-- [ RunTime:0.001071s ]
INFO: [ app_end ] --START--
INFO: Run Behavior\ShowPageTraceBehavior [ RunTime:0.001817s ]
INFO: [ app_end ] --END-- [ RunTime:0.001989s ]

[ 2016-05-26T15:17:56+08:00 ] ::1 /zhds/Home/Service/index.html
INFO: [ app_init ] --START--
INFO: Run Behavior\BuildLiteBehavior [ RunTime:0.000026s ]
INFO: [ app_init ] --END-- [ RunTime:0.000705s ]
INFO: [ app_begin ] --START--
INFO: Run Behavior\ReadHtmlCacheBehavior [ RunTime:0.000791s ]
INFO: [ app_begin ] --END-- [ RunTime:0.000878s ]
SQL: SHOW COLUMNS FROM `zz_goods` [ RunTime:0.0033s ]
SQL: SELECT * FROM `zz_goods` ORDER BY ol asc  [ RunTime:0.0003s ]
INFO: [ view_parse ] --START--
INFO: [ template_filter ] --START--
INFO: Run Behavior\ContentReplaceBehavior [ RunTime:0.000054s ]
INFO: [ template_filter ] --END-- [ RunTime:0.000107s ]
NOTIC: [8] Use of undefined constant href - assumed 'href' C:\PHPstudy\WWW\zhds\App\Runtime\Cache\Home\2c040600bfe38a8a20a1a09f59064127.php 第 60 行.
INFO: Run Behavior\ParseTemplateBehavior [ RunTime:0.006424s ]
INFO: [ view_parse ] --END-- [ RunTime:0.006500s ]
INFO: [ view_filter ] --START--
INFO: Run Behavior\WriteHtmlCacheBehavior [ RunTime:0.000815s ]
INFO: [ view_filter ] --END-- [ RunTime:0.000964s ]
INFO: [ app_end ] --START--
INFO: Run Behavior\ShowPageTraceBehavior [ RunTime:0.001245s ]
INFO: [ app_end ] --END-- [ RunTime:0.001429s ]

[ 2016-05-26T15:17:57+08:00 ] ::1 /zhds/Home/Index/index.html
INFO: [ app_init ] --START--
INFO: Run Behavior\BuildLiteBehavior [ RunTime:0.000015s ]
INFO: [ app_init ] --END-- [ RunTime:0.000384s ]
INFO: [ app_begin ] --START--
INFO: Run Behavior\ReadHtmlCacheBehavior [ RunTime:0.000415s ]
INFO: [ app_begin ] --END-- [ RunTime:0.000462s ]
SQL: SHOW COLUMNS FROM `zz_news` [ RunTime:0.0115s ]
SQL: SELECT * FROM `zz_news` ORDER BY time desc LIMIT 6   [ RunTime:0.0027s ]
INFO: [ view_parse ] --START--
INFO: [ template_filter ] --START--
INFO: Run Behavior\ContentReplaceBehavior [ RunTime:0.000248s ]
INFO: [ template_filter ] --END-- [ RunTime:0.000432s ]
NOTIC: [8] Use of undefined constant id - assumed 'id' C:\PHPstudy\WWW\zhds\App\Runtime\Cache\Home\00e52909bed743ea261af4b6823297ff.php 第 78 行.
NOTIC: [8] Use of undefined constant id - assumed 'id' C:\PHPstudy\WWW\zhds\App\Runtime\Cache\Home\00e52909bed743ea261af4b6823297ff.php 第 78 行.
NOTIC: [8] Use of undefined constant id - assumed 'id' C:\PHPstudy\WWW\zhds\App\Runtime\Cache\Home\00e52909bed743ea261af4b6823297ff.php 第 78 行.
NOTIC: [8] Use of undefined constant id - assumed 'id' C:\PHPstudy\WWW\zhds\App\Runtime\Cache\Home\00e52909bed743ea261af4b6823297ff.php 第 78 行.
NOTIC: [8] Use of undefined constant id - assumed 'id' C:\PHPstudy\WWW\zhds\App\Runtime\Cache\Home\00e52909bed743ea261af4b6823297ff.php 第 78 行.
NOTIC: [8] Use of undefined constant id - assumed 'id' C:\PHPstudy\WWW\zhds\App\Runtime\Cache\Home\00e52909bed743ea261af4b6823297ff.php 第 78 行.
INFO: Run Behavior\ParseTemplateBehavior [ RunTime:0.019794s ]
INFO: [ view_parse ] --END-- [ RunTime:0.019951s ]
INFO: [ view_filter ] --START--
INFO: Run Behavior\WriteHtmlCacheBehavior [ RunTime:0.000667s ]
INFO: [ view_filter ] --END-- [ RunTime:0.000763s ]
INFO: [ app_end ] --START--
INFO: Run Behavior\ShowPageTraceBehavior [ RunTime:0.001025s ]
INFO: [ app_end ] --END-- [ RunTime:0.001127s ]

[ 2016-05-26T15:18:38+08:00 ] ::1 /zhds/Home/Index/index.html
INFO: [ app_init ] --START--
INFO: Run Behavior\BuildLiteBehavior [ RunTime:0.000018s ]
INFO: [ app_init ] --END-- [ RunTime:0.000409s ]
INFO: [ app_begin ] --START--
INFO: Run Behavior\ReadHtmlCacheBehavior [ RunTime:0.000904s ]
INFO: [ app_begin ] --END-- [ RunTime:0.001039s ]
SQL: SHOW COLUMNS FROM `zz_news` [ RunTime:0.0045s ]
SQL: SELECT * FROM `zz_news` ORDER BY time desc LIMIT 6   [ RunTime:0.0010s ]
INFO: [ view_parse ] --START--
INFO: [ template_filter ] --START--
INFO: Run Behavior\ContentReplaceBehavior [ RunTime:0.000172s ]
INFO: [ template_filter ] --END-- [ RunTime:0.000283s ]
NOTIC: [8] Use of undefined constant id - assumed 'id' C:\PHPstudy\WWW\zhds\App\Runtime\Cache\Home\00e52909bed743ea261af4b6823297ff.php 第 78 行.
NOTIC: [8] Use of undefined constant id - assumed 'id' C:\PHPstudy\WWW\zhds\App\Runtime\Cache\Home\00e52909bed743ea261af4b6823297ff.php 第 78 行.
NOTIC: [8] Use of undefined constant id - assumed 'id' C:\PHPstudy\WWW\zhds\App\Runtime\Cache\Home\00e52909bed743ea261af4b6823297ff.php 第 78 行.
NOTIC: [8] Use of undefined constant id - assumed 'id' C:\PHPstudy\WWW\zhds\App\Runtime\Cache\Home\00e52909bed743ea261af4b6823297ff.php 第 78 行.
NOTIC: [8] Use of undefined constant id - assumed 'id' C:\PHPstudy\WWW\zhds\App\Runtime\Cache\Home\00e52909bed743ea261af4b6823297ff.php 第 78 行.
NOTIC: [8] Use of undefined constant id - assumed 'id' C:\PHPstudy\WWW\zhds\App\Runtime\Cache\Home\00e52909bed743ea261af4b6823297ff.php 第 78 行.
INFO: Run Behavior\ParseTemplateBehavior [ RunTime:0.012567s ]
INFO: [ view_parse ] --END-- [ RunTime:0.012674s ]
INFO: [ view_filter ] --START--
INFO: Run Behavior\WriteHtmlCacheBehavior [ RunTime:0.001088s ]
INFO: [ view_filter ] --END-- [ RunTime:0.001353s ]
INFO: [ app_end ] --START--
INFO: Run Behavior\ShowPageTraceBehavior [ RunTime:0.001153s ]
INFO: [ app_end ] --END-- [ RunTime:0.001295s ]

[ 2016-05-26T15:20:00+08:00 ] ::1 /zhds/Home/Index/index.html
INFO: [ app_init ] --START--
INFO: Run Behavior\BuildLiteBehavior [ RunTime:0.000025s ]
INFO: [ app_init ] --END-- [ RunTime:0.000682s ]
INFO: [ app_begin ] --START--
INFO: Run Behavior\ReadHtmlCacheBehavior [ RunTime:0.000718s ]
INFO: [ app_begin ] --END-- [ RunTime:0.000865s ]
SQL: SHOW COLUMNS FROM `zz_news` [ RunTime:0.0090s ]
SQL: SELECT * FROM `zz_news` ORDER BY time desc LIMIT 6   [ RunTime:0.0018s ]
INFO: [ view_parse ] --START--
INFO: [ template_filter ] --START--
INFO: Run Behavior\ContentReplaceBehavior [ RunTime:0.000105s ]
INFO: [ template_filter ] --END-- [ RunTime:0.000190s ]
NOTIC: [8] Use of undefined constant id - assumed 'id' C:\PHPstudy\WWW\zhds\App\Runtime\Cache\Home\00e52909bed743ea261af4b6823297ff.php 第 78 行.
NOTIC: [8] Use of undefined constant id - assumed 'id' C:\PHPstudy\WWW\zhds\App\Runtime\Cache\Home\00e52909bed743ea261af4b6823297ff.php 第 78 行.
NOTIC: [8] Use of undefined constant id - assumed 'id' C:\PHPstudy\WWW\zhds\App\Runtime\Cache\Home\00e52909bed743ea261af4b6823297ff.php 第 78 行.
NOTIC: [8] Use of undefined constant id - assumed 'id' C:\PHPstudy\WWW\zhds\App\Runtime\Cache\Home\00e52909bed743ea261af4b6823297ff.php 第 78 行.
NOTIC: [8] Use of undefined constant id - assumed 'id' C:\PHPstudy\WWW\zhds\App\Runtime\Cache\Home\00e52909bed743ea261af4b6823297ff.php 第 78 行.
NOTIC: [8] Use of undefined constant id - assumed 'id' C:\PHPstudy\WWW\zhds\App\Runtime\Cache\Home\00e52909bed743ea261af4b6823297ff.php 第 78 行.
INFO: Run Behavior\ParseTemplateBehavior [ RunTime:0.017779s ]
INFO: [ view_parse ] --END-- [ RunTime:0.017890s ]
INFO: [ view_filter ] --START--
INFO: Run Behavior\WriteHtmlCacheBehavior [ RunTime:0.000913s ]
INFO: [ view_filter ] --END-- [ RunTime:0.001018s ]
INFO: [ app_end ] --START--
INFO: Run Behavior\ShowPageTraceBehavior [ RunTime:0.001875s ]
INFO: [ app_end ] --END-- [ RunTime:0.002198s ]

[ 2016-05-26T15:20:55+08:00 ] ::1 /zhds/Home/Index/index.html
INFO: [ app_init ] --START--
INFO: Run Behavior\BuildLiteBehavior [ RunTime:0.000018s ]
INFO: [ app_init ] --END-- [ RunTime:0.000578s ]
INFO: [ app_begin ] --START--
INFO: Run Behavior\ReadHtmlCacheBehavior [ RunTime:0.000760s ]
INFO: [ app_begin ] --END-- [ RunTime:0.000855s ]
SQL: SHOW COLUMNS FROM `zz_news` [ RunTime:0.0025s ]
SQL: SELECT * FROM `zz_news` ORDER BY time desc LIMIT 6   [ RunTime:0.0007s ]
INFO: [ view_parse ] --START--
INFO: [ template_filter ] --START--
INFO: Run Behavior\ContentReplaceBehavior [ RunTime:0.000064s ]
INFO: [ template_filter ] --END-- [ RunTime:0.000121s ]
NOTIC: [8] Use of undefined constant id - assumed 'id' C:\PHPstudy\WWW\zhds\App\Runtime\Cache\Home\00e52909bed743ea261af4b6823297ff.php 第 78 行.
NOTIC: [8] Use of undefined constant id - assumed 'id' C:\PHPstudy\WWW\zhds\App\Runtime\Cache\Home\00e52909bed743ea261af4b6823297ff.php 第 78 行.
NOTIC: [8] Use of undefined constant id - assumed 'id' C:\PHPstudy\WWW\zhds\App\Runtime\Cache\Home\00e52909bed743ea261af4b6823297ff.php 第 78 行.
NOTIC: [8] Use of undefined constant id - assumed 'id' C:\PHPstudy\WWW\zhds\App\Runtime\Cache\Home\00e52909bed743ea261af4b6823297ff.php 第 78 行.
NOTIC: [8] Use of undefined constant id - assumed 'id' C:\PHPstudy\WWW\zhds\App\Runtime\Cache\Home\00e52909bed743ea261af4b6823297ff.php 第 78 行.
NOTIC: [8] Use of undefined constant id - assumed 'id' C:\PHPstudy\WWW\zhds\App\Runtime\Cache\Home\00e52909bed743ea261af4b6823297ff.php 第 78 行.
INFO: Run Behavior\ParseTemplateBehavior [ RunTime:0.011868s ]
INFO: [ view_parse ] --END-- [ RunTime:0.011917s ]
INFO: [ view_filter ] --START--
INFO: Run Behavior\WriteHtmlCacheBehavior [ RunTime:0.000443s ]
INFO: [ view_filter ] --END-- [ RunTime:0.000482s ]
INFO: [ app_end ] --START--
INFO: Run Behavior\ShowPageTraceBehavior [ RunTime:0.000675s ]
INFO: [ app_end ] --END-- [ RunTime:0.000746s ]

[ 2016-05-26T15:23:43+08:00 ] ::1 /zhds/Home/Index/index.html
INFO: [ app_init ] --START--
INFO: Run Behavior\BuildLiteBehavior [ RunTime:0.000019s ]
INFO: [ app_init ] --END-- [ RunTime:0.000587s ]
INFO: [ app_begin ] --START--
INFO: Run Behavior\ReadHtmlCacheBehavior [ RunTime:0.000806s ]
INFO: [ app_begin ] --END-- [ RunTime:0.000919s ]
SQL: SHOW COLUMNS FROM `zz_news` [ RunTime:0.0026s ]
SQL: SELECT * FROM `zz_news` ORDER BY time desc LIMIT 6   [ RunTime:0.0008s ]
INFO: [ view_parse ] --START--
INFO: [ template_filter ] --START--
INFO: Run Behavior\ContentReplaceBehavior [ RunTime:0.000074s ]
INFO: [ template_filter ] --END-- [ RunTime:0.000152s ]
NOTIC: [8] Use of undefined constant id - assumed 'id' C:\PHPstudy\WWW\zhds\App\Runtime\Cache\Home\00e52909bed743ea261af4b6823297ff.php 第 78 行.
NOTIC: [8] Use of undefined constant id - assumed 'id' C:\PHPstudy\WWW\zhds\App\Runtime\Cache\Home\00e52909bed743ea261af4b6823297ff.php 第 78 行.
NOTIC: [8] Use of undefined constant id - assumed 'id' C:\PHPstudy\WWW\zhds\App\Runtime\Cache\Home\00e52909bed743ea261af4b6823297ff.php 第 78 行.
NOTIC: [8] Use of undefined constant id - assumed 'id' C:\PHPstudy\WWW\zhds\App\Runtime\Cache\Home\00e52909bed743ea261af4b6823297ff.php 第 78 行.
NOTIC: [8] Use of undefined constant id - assumed 'id' C:\PHPstudy\WWW\zhds\App\Runtime\Cache\Home\00e52909bed743ea261af4b6823297ff.php 第 78 行.
NOTIC: [8] Use of undefined constant id - assumed 'id' C:\PHPstudy\WWW\zhds\App\Runtime\Cache\Home\00e52909bed743ea261af4b6823297ff.php 第 78 行.
INFO: Run Behavior\ParseTemplateBehavior [ RunTime:0.008065s ]
INFO: [ view_parse ] --END-- [ RunTime:0.008117s ]
INFO: [ view_filter ] --START--
INFO: Run Behavior\WriteHtmlCacheBehavior [ RunTime:0.000434s ]
INFO: [ view_filter ] --END-- [ RunTime:0.000473s ]
INFO: [ app_end ] --START--
INFO: Run Behavior\ShowPageTraceBehavior [ RunTime:0.000741s ]
INFO: [ app_end ] --END-- [ RunTime:0.000840s ]

[ 2016-05-26T15:23:53+08:00 ] ::1 /zhds/Home/Case/index.html
INFO: [ app_init ] --START--
INFO: Run Behavior\BuildLiteBehavior [ RunTime:0.000021s ]
INFO: [ app_init ] --END-- [ RunTime:0.000562s ]
INFO: [ app_begin ] --START--
INFO: Run Behavior\ReadHtmlCacheBehavior [ RunTime:0.001049s ]
INFO: [ app_begin ] --END-- [ RunTime:0.001157s ]
SQL: SHOW COLUMNS FROM `zz_list` [ RunTime:0.0053s ]
SQL: SELECT * FROM `zz_list`  [ RunTime:0.0008s ]
INFO: [ view_parse ] --START--
INFO: [ template_filter ] --START--
INFO: Run Behavior\ContentReplaceBehavior [ RunTime:0.000072s ]
INFO: [ template_filter ] --END-- [ RunTime:0.000169s ]
NOTIC: [8] Use of undefined constant id - assumed 'id' C:\PHPstudy\WWW\zhds\App\Runtime\Cache\Home\676f5efd1e91a6e64bbbb4208eb177e2.php 第 58 行.
NOTIC: [8] Use of undefined constant href - assumed 'href' C:\PHPstudy\WWW\zhds\App\Runtime\Cache\Home\676f5efd1e91a6e64bbbb4208eb177e2.php 第 58 行.
NOTIC: [8] Use of undefined constant id - assumed 'id' C:\PHPstudy\WWW\zhds\App\Runtime\Cache\Home\676f5efd1e91a6e64bbbb4208eb177e2.php 第 60 行.
NOTIC: [8] Use of undefined constant id - assumed 'id' C:\PHPstudy\WWW\zhds\App\Runtime\Cache\Home\676f5efd1e91a6e64bbbb4208eb177e2.php 第 63 行.
NOTIC: [8] Use of undefined constant id - assumed 'id' C:\PHPstudy\WWW\zhds\App\Runtime\Cache\Home\676f5efd1e91a6e64bbbb4208eb177e2.php 第 58 行.
NOTIC: [8] Use of undefined constant href - assumed 'href' C:\PHPstudy\WWW\zhds\App\Runtime\Cache\Home\676f5efd1e91a6e64bbbb4208eb177e2.php 第 58 行.
NOTIC: [8] Use of undefined constant id - assumed 'id' C:\PHPstudy\WWW\zhds\App\Runtime\Cache\Home\676f5efd1e91a6e64bbbb4208eb177e2.php 第 60 行.
NOTIC: [8] Use of undefined constant id - assumed 'id' C:\PHPstudy\WWW\zhds\App\Runtime\Cache\Home\676f5efd1e91a6e64bbbb4208eb177e2.php 第 63 行.
NOTIC: [8] Use of undefined constant id - assumed 'id' C:\PHPstudy\WWW\zhds\App\Runtime\Cache\Home\676f5efd1e91a6e64bbbb4208eb177e2.php 第 58 行.
NOTIC: [8] Use of undefined constant href - assumed 'href' C:\PHPstudy\WWW\zhds\App\Runtime\Cache\Home\676f5efd1e91a6e64bbbb4208eb177e2.php 第 58 行.
NOTIC: [8] Use of undefined constant id - assumed 'id' C:\PHPstudy\WWW\zhds\App\Runtime\Cache\Home\676f5efd1e91a6e64bbbb4208eb177e2.php 第 60 行.
NOTIC: [8] Use of undefined constant id - assumed 'id' C:\PHPstudy\WWW\zhds\App\Runtime\Cache\Home\676f5efd1e91a6e64bbbb4208eb177e2.php 第 63 行.
INFO: Run Behavior\ParseTemplateBehavior [ RunTime:0.013720s ]
INFO: [ view_parse ] --END-- [ RunTime:0.013790s ]
INFO: [ view_filter ] --START--
INFO: Run Behavior\WriteHtmlCacheBehavior [ RunTime:0.000663s ]
INFO: [ view_filter ] --END-- [ RunTime:0.000720s ]
INFO: [ app_end ] --START--
INFO: Run Behavior\ShowPageTraceBehavior [ RunTime:0.000885s ]
INFO: [ app_end ] --END-- [ RunTime:0.000941s ]

[ 2016-05-26T15:23:55+08:00 ] ::1 /zhds/Home/News/index.html
INFO: [ app_init ] --START--
INFO: Run Behavior\BuildLiteBehavior [ RunTime:0.000021s ]
INFO: [ app_init ] --END-- [ RunTime:0.000419s ]
INFO: [ app_begin ] --START--
INFO: Run Behavior\ReadHtmlCacheBehavior [ RunTime:0.000644s ]
INFO: [ app_begin ] --END-- [ RunTime:0.000703s ]
SQL: SHOW COLUMNS FROM `zz_news` [ RunTime:0.0032s ]
SQL: SELECT * FROM `zz_news` ORDER BY time desc  [ RunTime:0.0010s ]
INFO: [ view_parse ] --START--
INFO: [ template_filter ] --START--
INFO: Run Behavior\ContentReplaceBehavior [ RunTime:0.000073s ]
INFO: [ template_filter ] --END-- [ RunTime:0.000163s ]
NOTIC: [8] Use of undefined constant id - assumed 'id' C:\PHPstudy\WWW\zhds\App\Runtime\Cache\Home\e050d5619624146a648edb153a9a4fd8.php 第 59 行.
NOTIC: [8] Use of undefined constant id - assumed 'id' C:\PHPstudy\WWW\zhds\App\Runtime\Cache\Home\e050d5619624146a648edb153a9a4fd8.php 第 59 行.
NOTIC: [8] Use of undefined constant id - assumed 'id' C:\PHPstudy\WWW\zhds\App\Runtime\Cache\Home\e050d5619624146a648edb153a9a4fd8.php 第 59 行.
NOTIC: [8] Use of undefined constant id - assumed 'id' C:\PHPstudy\WWW\zhds\App\Runtime\Cache\Home\e050d5619624146a648edb153a9a4fd8.php 第 59 行.
NOTIC: [8] Use of undefined constant id - assumed 'id' C:\PHPstudy\WWW\zhds\App\Runtime\Cache\Home\e050d5619624146a648edb153a9a4fd8.php 第 59 行.
NOTIC: [8] Use of undefined constant id - assumed 'id' C:\PHPstudy\WWW\zhds\App\Runtime\Cache\Home\e050d5619624146a648edb153a9a4fd8.php 第 59 行.
INFO: Run Behavior\ParseTemplateBehavior [ RunTime:0.010876s ]
INFO: [ view_parse ] --END-- [ RunTime:0.010990s ]
INFO: [ view_filter ] --START--
INFO: Run Behavior\WriteHtmlCacheBehavior [ RunTime:0.000961s ]
INFO: [ view_filter ] --END-- [ RunTime:0.001064s ]
INFO: [ app_end ] --START--
INFO: Run Behavior\ShowPageTraceBehavior [ RunTime:0.001365s ]
INFO: [ app_end ] --END-- [ RunTime:0.001504s ]

[ 2016-05-26T15:23:58+08:00 ] ::1 /zhds/Home/Index/index.html
INFO: [ app_init ] --START--
INFO: Run Behavior\BuildLiteBehavior [ RunTime:0.000035s ]
INFO: [ app_init ] --END-- [ RunTime:0.000710s ]
INFO: [ app_begin ] --START--
INFO: Run Behavior\ReadHtmlCacheBehavior [ RunTime:0.001078s ]
INFO: [ app_begin ] --END-- [ RunTime:0.001217s ]
SQL: SHOW COLUMNS FROM `zz_news` [ RunTime:0.0056s ]
SQL: SELECT * FROM `zz_news` ORDER BY time desc LIMIT 6   [ RunTime:0.0018s ]
INFO: [ view_parse ] --START--
INFO: [ template_filter ] --START--
INFO: Run Behavior\ContentReplaceBehavior [ RunTime:0.000239s ]
INFO: [ template_filter ] --END-- [ RunTime:0.000422s ]
NOTIC: [8] Use of undefined constant id - assumed 'id' C:\PHPstudy\WWW\zhds\App\Runtime\Cache\Home\00e52909bed743ea261af4b6823297ff.php 第 78 行.
NOTIC: [8] Use of undefined constant id - assumed 'id' C:\PHPstudy\WWW\zhds\App\Runtime\Cache\Home\00e52909bed743ea261af4b6823297ff.php 第 78 行.
NOTIC: [8] Use of undefined constant id - assumed 'id' C:\PHPstudy\WWW\zhds\App\Runtime\Cache\Home\00e52909bed743ea261af4b6823297ff.php 第 78 行.
NOTIC: [8] Use of undefined constant id - assumed 'id' C:\PHPstudy\WWW\zhds\App\Runtime\Cache\Home\00e52909bed743ea261af4b6823297ff.php 第 78 行.
NOTIC: [8] Use of undefined constant id - assumed 'id' C:\PHPstudy\WWW\zhds\App\Runtime\Cache\Home\00e52909bed743ea261af4b6823297ff.php 第 78 行.
NOTIC: [8] Use of undefined constant id - assumed 'id' C:\PHPstudy\WWW\zhds\App\Runtime\Cache\Home\00e52909bed743ea261af4b6823297ff.php 第 78 行.
INFO: Run Behavior\ParseTemplateBehavior [ RunTime:0.021147s ]
INFO: [ view_parse ] --END-- [ RunTime:0.021272s ]
INFO: [ view_filter ] --START--
INFO: Run Behavior\WriteHtmlCacheBehavior [ RunTime:0.001073s ]
INFO: [ view_filter ] --END-- [ RunTime:0.001176s ]
INFO: [ app_end ] --START--
INFO: Run Behavior\ShowPageTraceBehavior [ RunTime:0.001785s ]
INFO: [ app_end ] --END-- [ RunTime:0.001962s ]

[ 2016-05-26T15:26:24+08:00 ] ::1 /zhds/Home/Index/index.html
INFO: [ app_init ] --START--
INFO: Run Behavior\BuildLiteBehavior [ RunTime:0.000019s ]
INFO: [ app_init ] --END-- [ RunTime:0.000554s ]
INFO: [ app_begin ] --START--
INFO: Run Behavior\ReadHtmlCacheBehavior [ RunTime:0.000951s ]
INFO: [ app_begin ] --END-- [ RunTime:0.001061s ]
SQL: SHOW COLUMNS FROM `zz_news` [ RunTime:0.0026s ]
SQL: SELECT * FROM `zz_news` ORDER BY time desc LIMIT 6   [ RunTime:0.0008s ]
INFO: [ view_parse ] --START--
INFO: [ template_filter ] --START--
INFO: Run Behavior\ContentReplaceBehavior [ RunTime:0.000063s ]
INFO: [ template_filter ] --END-- [ RunTime:0.000112s ]
NOTIC: [8] Use of undefined constant id - assumed 'id' C:\PHPstudy\WWW\zhds\App\Runtime\Cache\Home\00e52909bed743ea261af4b6823297ff.php 第 78 行.
NOTIC: [8] Use of undefined constant id - assumed 'id' C:\PHPstudy\WWW\zhds\App\Runtime\Cache\Home\00e52909bed743ea261af4b6823297ff.php 第 78 行.
NOTIC: [8] Use of undefined constant id - assumed 'id' C:\PHPstudy\WWW\zhds\App\Runtime\Cache\Home\00e52909bed743ea261af4b6823297ff.php 第 78 行.
NOTIC: [8] Use of undefined constant id - assumed 'id' C:\PHPstudy\WWW\zhds\App\Runtime\Cache\Home\00e52909bed743ea261af4b6823297ff.php 第 78 行.
NOTIC: [8] Use of undefined constant id - assumed 'id' C:\PHPstudy\WWW\zhds\App\Runtime\Cache\Home\00e52909bed743ea261af4b6823297ff.php 第 78 行.
NOTIC: [8] Use of undefined constant id - assumed 'id' C:\PHPstudy\WWW\zhds\App\Runtime\Cache\Home\00e52909bed743ea261af4b6823297ff.php 第 78 行.
INFO: Run Behavior\ParseTemplateBehavior [ RunTime:0.008314s ]
INFO: [ view_parse ] --END-- [ RunTime:0.008529s ]
INFO: [ view_filter ] --START--
INFO: Run Behavior\WriteHtmlCacheBehavior [ RunTime:0.001413s ]
INFO: [ view_filter ] --END-- [ RunTime:0.001601s ]
INFO: [ app_end ] --START--
INFO: Run Behavior\ShowPageTraceBehavior [ RunTime:0.001127s ]
INFO: [ app_end ] --END-- [ RunTime:0.001239s ]

[ 2016-05-26T15:26:35+08:00 ] ::1 /zhds/Home/Service/index.html
INFO: [ app_init ] --START--
INFO: Run Behavior\BuildLiteBehavior [ RunTime:0.000050s ]
INFO: [ app_init ] --END-- [ RunTime:0.001010s ]
INFO: [ app_begin ] --START--
INFO: Run Behavior\ReadHtmlCacheBehavior [ RunTime:0.001143s ]
INFO: [ app_begin ] --END-- [ RunTime:0.001315s ]
SQL: SHOW COLUMNS FROM `zz_goods` [ RunTime:0.0061s ]
SQL: SELECT * FROM `zz_goods` ORDER BY ol asc  [ RunTime:0.0006s ]
INFO: [ view_parse ] --START--
INFO: [ template_filter ] --START--
INFO: Run Behavior\ContentReplaceBehavior [ RunTime:0.000112s ]
INFO: [ template_filter ] --END-- [ RunTime:0.000225s ]
NOTIC: [8] Use of undefined constant href - assumed 'href' C:\PHPstudy\WWW\zhds\App\Runtime\Cache\Home\2c040600bfe38a8a20a1a09f59064127.php 第 60 行.
INFO: Run Behavior\ParseTemplateBehavior [ RunTime:0.015352s ]
INFO: [ view_parse ] --END-- [ RunTime:0.015456s ]
INFO: [ view_filter ] --START--
INFO: Run Behavior\WriteHtmlCacheBehavior [ RunTime:0.000688s ]
INFO: [ view_filter ] --END-- [ RunTime:0.000772s ]
INFO: [ app_end ] --START--
INFO: Run Behavior\ShowPageTraceBehavior [ RunTime:0.001038s ]
INFO: [ app_end ] --END-- [ RunTime:0.001128s ]

[ 2016-05-26T15:26:37+08:00 ] ::1 /zhds/Home/Case/index.html
INFO: [ app_init ] --START--
INFO: Run Behavior\BuildLiteBehavior [ RunTime:0.000015s ]
INFO: [ app_init ] --END-- [ RunTime:0.000415s ]
INFO: [ app_begin ] --START--
INFO: Run Behavior\ReadHtmlCacheBehavior [ RunTime:0.000555s ]
INFO: [ app_begin ] --END-- [ RunTime:0.000604s ]
SQL: SHOW COLUMNS FROM `zz_list` [ RunTime:0.0151s ]
SQL: SELECT * FROM `zz_list`  [ RunTime:0.0044s ]
INFO: [ view_parse ] --START--
INFO: [ template_filter ] --START--
INFO: Run Behavior\ContentReplaceBehavior [ RunTime:0.000086s ]
INFO: [ template_filter ] --END-- [ RunTime:0.000182s ]
NOTIC: [8] Use of undefined constant id - assumed 'id' C:\PHPstudy\WWW\zhds\App\Runtime\Cache\Home\676f5efd1e91a6e64bbbb4208eb177e2.php 第 58 行.
NOTIC: [8] Use of undefined constant href - assumed 'href' C:\PHPstudy\WWW\zhds\App\Runtime\Cache\Home\676f5efd1e91a6e64bbbb4208eb177e2.php 第 58 行.
NOTIC: [8] Use of undefined constant id - assumed 'id' C:\PHPstudy\WWW\zhds\App\Runtime\Cache\Home\676f5efd1e91a6e64bbbb4208eb177e2.php 第 60 行.
NOTIC: [8] Use of undefined constant id - assumed 'id' C:\PHPstudy\WWW\zhds\App\Runtime\Cache\Home\676f5efd1e91a6e64bbbb4208eb177e2.php 第 63 行.
NOTIC: [8] Use of undefined constant id - assumed 'id' C:\PHPstudy\WWW\zhds\App\Runtime\Cache\Home\676f5efd1e91a6e64bbbb4208eb177e2.php 第 58 行.
NOTIC: [8] Use of undefined constant href - assumed 'href' C:\PHPstudy\WWW\zhds\App\Runtime\Cache\Home\676f5efd1e91a6e64bbbb4208eb177e2.php 第 58 行.
NOTIC: [8] Use of undefined constant id - assumed 'id' C:\PHPstudy\WWW\zhds\App\Runtime\Cache\Home\676f5efd1e91a6e64bbbb4208eb177e2.php 第 60 行.
NOTIC: [8] Use of undefined constant id - assumed 'id' C:\PHPstudy\WWW\zhds\App\Runtime\Cache\Home\676f5efd1e91a6e64bbbb4208eb177e2.php 第 63 行.
NOTIC: [8] Use of undefined constant id - assumed 'id' C:\PHPstudy\WWW\zhds\App\Runtime\Cache\Home\676f5efd1e91a6e64bbbb4208eb177e2.php 第 58 行.
NOTIC: [8] Use of undefined constant href - assumed 'href' C:\PHPstudy\WWW\zhds\App\Runtime\Cache\Home\676f5efd1e91a6e64bbbb4208eb177e2.php 第 58 行.
NOTIC: [8] Use of undefined constant id - assumed 'id' C:\PHPstudy\WWW\zhds\App\Runtime\Cache\Home\676f5efd1e91a6e64bbbb4208eb177e2.php 第 60 行.
NOTIC: [8] Use of undefined constant id - assumed 'id' C:\PHPstudy\WWW\zhds\App\Runtime\Cache\Home\676f5efd1e91a6e64bbbb4208eb177e2.php 第 63 行.
INFO: Run Behavior\ParseTemplateBehavior [ RunTime:0.026824s ]
INFO: [ view_parse ] --END-- [ RunTime:0.027071s ]
INFO: [ view_filter ] --START--
INFO: Run Behavior\WriteHtmlCacheBehavior [ RunTime:0.000737s ]
INFO: [ view_filter ] --END-- [ RunTime:0.000808s ]
INFO: [ app_end ] --START--
INFO: Run Behavior\ShowPageTraceBehavior [ RunTime:0.001408s ]
INFO: [ app_end ] --END-- [ RunTime:0.001651s ]

[ 2016-05-26T15:26:39+08:00 ] ::1 /zhds/Home/Index/index.html
INFO: [ app_init ] --START--
INFO: Run Behavior\BuildLiteBehavior [ RunTime:0.000015s ]
INFO: [ app_init ] --END-- [ RunTime:0.000396s ]
INFO: [ app_begin ] --START--
INFO: Run Behavior\ReadHtmlCacheBehavior [ RunTime:0.000516s ]
INFO: [ app_begin ] --END-- [ RunTime:0.000564s ]
SQL: SHOW COLUMNS FROM `zz_news` [ RunTime:0.0040s ]
SQL: SELECT * FROM `zz_news` ORDER BY time desc LIMIT 6   [ RunTime:0.0015s ]
INFO: [ view_parse ] --START--
INFO: [ template_filter ] --START--
INFO: Run Behavior\ContentReplaceBehavior [ RunTime:0.000107s ]
INFO: [ template_filter ] --END-- [ RunTime:0.000194s ]
NOTIC: [8] Use of undefined constant id - assumed 'id' C:\PHPstudy\WWW\zhds\App\Runtime\Cache\Home\00e52909bed743ea261af4b6823297ff.php 第 78 行.
NOTIC: [8] Use of undefined constant id - assumed 'id' C:\PHPstudy\WWW\zhds\App\Runtime\Cache\Home\00e52909bed743ea261af4b6823297ff.php 第 78 行.
NOTIC: [8] Use of undefined constant id - assumed 'id' C:\PHPstudy\WWW\zhds\App\Runtime\Cache\Home\00e52909bed743ea261af4b6823297ff.php 第 78 行.
NOTIC: [8] Use of undefined constant id - assumed 'id' C:\PHPstudy\WWW\zhds\App\Runtime\Cache\Home\00e52909bed743ea261af4b6823297ff.php 第 78 行.
NOTIC: [8] Use of undefined constant id - assumed 'id' C:\PHPstudy\WWW\zhds\App\Runtime\Cache\Home\00e52909bed743ea261af4b6823297ff.php 第 78 行.
NOTIC: [8] Use of undefined constant id - assumed 'id' C:\PHPstudy\WWW\zhds\App\Runtime\Cache\Home\00e52909bed743ea261af4b6823297ff.php 第 78 行.
INFO: Run Behavior\ParseTemplateBehavior [ RunTime:0.012295s ]
INFO: [ view_parse ] --END-- [ RunTime:0.012389s ]
INFO: [ view_filter ] --START--
INFO: Run Behavior\WriteHtmlCacheBehavior [ RunTime:0.000708s ]
INFO: [ view_filter ] --END-- [ RunTime:0.000770s ]
INFO: [ app_end ] --START--
INFO: Run Behavior\ShowPageTraceBehavior [ RunTime:0.001706s ]
INFO: [ app_end ] --END-- [ RunTime:0.001835s ]

[ 2016-05-26T15:26:51+08:00 ] ::1 /zhds/Home/Service/index.html
INFO: [ app_init ] --START--
INFO: Run Behavior\BuildLiteBehavior [ RunTime:0.000019s ]
INFO: [ app_init ] --END-- [ RunTime:0.000616s ]
INFO: [ app_begin ] --START--
INFO: Run Behavior\ReadHtmlCacheBehavior [ RunTime:0.000650s ]
INFO: [ app_begin ] --END-- [ RunTime:0.000704s ]
SQL: SHOW COLUMNS FROM `zz_goods` [ RunTime:0.0065s ]
SQL: SELECT * FROM `zz_goods` ORDER BY ol asc  [ RunTime:0.0010s ]
INFO: [ view_parse ] --START--
INFO: [ template_filter ] --START--
INFO: Run Behavior\ContentReplaceBehavior [ RunTime:0.000185s ]
INFO: [ template_filter ] --END-- [ RunTime:0.000466s ]
NOTIC: [8] Use of undefined constant href - assumed 'href' C:\PHPstudy\WWW\zhds\App\Runtime\Cache\Home\2c040600bfe38a8a20a1a09f59064127.php 第 60 行.
INFO: Run Behavior\ParseTemplateBehavior [ RunTime:0.022361s ]
INFO: [ view_parse ] --END-- [ RunTime:0.022505s ]
INFO: [ view_filter ] --START--
INFO: Run Behavior\WriteHtmlCacheBehavior [ RunTime:0.000890s ]
INFO: [ view_filter ] --END-- [ RunTime:0.000981s ]
INFO: [ app_end ] --START--
INFO: Run Behavior\ShowPageTraceBehavior [ RunTime:0.001239s ]
INFO: [ app_end ] --END-- [ RunTime:0.001331s ]

[ 2016-05-26T15:26:53+08:00 ] ::1 /zhds/Home/Index/index.html
INFO: [ app_init ] --START--
INFO: Run Behavior\BuildLiteBehavior [ RunTime:0.000013s ]
INFO: [ app_init ] --END-- [ RunTime:0.000428s ]
INFO: [ app_begin ] --START--
INFO: Run Behavior\ReadHtmlCacheBehavior [ RunTime:0.000562s ]
INFO: [ app_begin ] --END-- [ RunTime:0.000610s ]
SQL: SHOW COLUMNS FROM `zz_news` [ RunTime:0.0038s ]
SQL: SELECT * FROM `zz_news` ORDER BY time desc LIMIT 6   [ RunTime:0.0021s ]
INFO: [ view_parse ] --START--
INFO: [ template_filter ] --START--
INFO: Run Behavior\ContentReplaceBehavior [ RunTime:0.000205s ]
INFO: [ template_filter ] --END-- [ RunTime:0.000390s ]
NOTIC: [8] Use of undefined constant id - assumed 'id' C:\PHPstudy\WWW\zhds\App\Runtime\Cache\Home\00e52909bed743ea261af4b6823297ff.php 第 78 行.
NOTIC: [8] Use of undefined constant id - assumed 'id' C:\PHPstudy\WWW\zhds\App\Runtime\Cache\Home\00e52909bed743ea261af4b6823297ff.php 第 78 行.
NOTIC: [8] Use of undefined constant id - assumed 'id' C:\PHPstudy\WWW\zhds\App\Runtime\Cache\Home\00e52909bed743ea261af4b6823297ff.php 第 78 行.
NOTIC: [8] Use of undefined constant id - assumed 'id' C:\PHPstudy\WWW\zhds\App\Runtime\Cache\Home\00e52909bed743ea261af4b6823297ff.php 第 78 行.
NOTIC: [8] Use of undefined constant id - assumed 'id' C:\PHPstudy\WWW\zhds\App\Runtime\Cache\Home\00e52909bed743ea261af4b6823297ff.php 第 78 行.
NOTIC: [8] Use of undefined constant id - assumed 'id' C:\PHPstudy\WWW\zhds\App\Runtime\Cache\Home\00e52909bed743ea261af4b6823297ff.php 第 78 行.
INFO: Run Behavior\ParseTemplateBehavior [ RunTime:0.014081s ]
INFO: [ view_parse ] --END-- [ RunTime:0.014284s ]
INFO: [ view_filter ] --START--
INFO: Run Behavior\WriteHtmlCacheBehavior [ RunTime:0.001156s ]
INFO: [ view_filter ] --END-- [ RunTime:0.001256s ]
INFO: [ app_end ] --START--
INFO: Run Behavior\ShowPageTraceBehavior [ RunTime:0.001484s ]
INFO: [ app_end ] --END-- [ RunTime:0.001615s ]

[ 2016-05-26T15:26:59+08:00 ] ::1 /zhds/Home/Service/index.html
INFO: [ app_init ] --START--
INFO: Run Behavior\BuildLiteBehavior [ RunTime:0.000023s ]
INFO: [ app_init ] --END-- [ RunTime:0.000423s ]
INFO: [ app_begin ] --START--
INFO: Run Behavior\ReadHtmlCacheBehavior [ RunTime:0.001219s ]
INFO: [ app_begin ] --END-- [ RunTime:0.001356s ]
SQL: SHOW COLUMNS FROM `zz_goods` [ RunTime:0.0029s ]
SQL: SELECT * FROM `zz_goods` ORDER BY ol asc  [ RunTime:0.0004s ]
INFO: [ view_parse ] --START--
INFO: [ template_filter ] --START--
INFO: Run Behavior\ContentReplaceBehavior [ RunTime:0.000100s ]
INFO: [ template_filter ] --END-- [ RunTime:0.000228s ]
NOTIC: [8] Use of undefined constant href - assumed 'href' C:\PHPstudy\WWW\zhds\App\Runtime\Cache\Home\2c040600bfe38a8a20a1a09f59064127.php 第 60 行.
INFO: Run Behavior\ParseTemplateBehavior [ RunTime:0.010115s ]
INFO: [ view_parse ] --END-- [ RunTime:0.010201s ]
INFO: [ view_filter ] --START--
INFO: Run Behavior\WriteHtmlCacheBehavior [ RunTime:0.000838s ]
INFO: [ view_filter ] --END-- [ RunTime:0.000895s ]
INFO: [ app_end ] --START--
INFO: Run Behavior\ShowPageTraceBehavior [ RunTime:0.000711s ]
INFO: [ app_end ] --END-- [ RunTime:0.000760s ]

[ 2016-05-26T15:28:11+08:00 ] ::1 /zhds/Home/Index/index.html
INFO: [ app_init ] --START--
INFO: Run Behavior\BuildLiteBehavior [ RunTime:0.000013s ]
INFO: [ app_init ] --END-- [ RunTime:0.000398s ]
INFO: [ app_begin ] --START--
INFO: Run Behavior\ReadHtmlCacheBehavior [ RunTime:0.000815s ]
INFO: [ app_begin ] --END-- [ RunTime:0.000900s ]
SQL: SHOW COLUMNS FROM `zz_news` [ RunTime:0.0082s ]
SQL: SELECT * FROM `zz_news` ORDER BY time desc LIMIT 6   [ RunTime:0.0022s ]
INFO: [ view_parse ] --START--
INFO: [ template_filter ] --START--
INFO: Run Behavior\ContentReplaceBehavior [ RunTime:0.000162s ]
INFO: [ template_filter ] --END-- [ RunTime:0.000307s ]
NOTIC: [8] Use of undefined constant id - assumed 'id' C:\PHPstudy\WWW\zhds\App\Runtime\Cache\Home\00e52909bed743ea261af4b6823297ff.php 第 78 行.
NOTIC: [8] Use of undefined constant id - assumed 'id' C:\PHPstudy\WWW\zhds\App\Runtime\Cache\Home\00e52909bed743ea261af4b6823297ff.php 第 78 行.
NOTIC: [8] Use of undefined constant id - assumed 'id' C:\PHPstudy\WWW\zhds\App\Runtime\Cache\Home\00e52909bed743ea261af4b6823297ff.php 第 78 行.
NOTIC: [8] Use of undefined constant id - assumed 'id' C:\PHPstudy\WWW\zhds\App\Runtime\Cache\Home\00e52909bed743ea261af4b6823297ff.php 第 78 行.
NOTIC: [8] Use of undefined constant id - assumed 'id' C:\PHPstudy\WWW\zhds\App\Runtime\Cache\Home\00e52909bed743ea261af4b6823297ff.php 第 78 行.
NOTIC: [8] Use of undefined constant id - assumed 'id' C:\PHPstudy\WWW\zhds\App\Runtime\Cache\Home\00e52909bed743ea261af4b6823297ff.php 第 78 行.
INFO: Run Behavior\ParseTemplateBehavior [ RunTime:0.019844s ]
INFO: [ view_parse ] --END-- [ RunTime:0.020018s ]
INFO: [ view_filter ] --START--
INFO: Run Behavior\WriteHtmlCacheBehavior [ RunTime:0.001313s ]
INFO: [ view_filter ] --END-- [ RunTime:0.001443s ]
INFO: [ app_end ] --START--
INFO: Run Behavior\ShowPageTraceBehavior [ RunTime:0.001885s ]
INFO: [ app_end ] --END-- [ RunTime:0.002054s ]

[ 2016-05-26T15:28:53+08:00 ] ::1 /zhds/Home/News/index.html
INFO: [ app_init ] --START--
INFO: Run Behavior\BuildLiteBehavior [ RunTime:0.000024s ]
INFO: [ app_init ] --END-- [ RunTime:0.000655s ]
INFO: [ app_begin ] --START--
INFO: Run Behavior\ReadHtmlCacheBehavior [ RunTime:0.000596s ]
INFO: [ app_begin ] --END-- [ RunTime:0.000644s ]
SQL: SHOW COLUMNS FROM `zz_news` [ RunTime:0.0083s ]
SQL: SELECT * FROM `zz_news` ORDER BY time desc  [ RunTime:0.0028s ]
INFO: [ view_parse ] --START--
INFO: [ template_filter ] --START--
INFO: Run Behavior\ContentReplaceBehavior [ RunTime:0.000071s ]
INFO: [ template_filter ] --END-- [ RunTime:0.000154s ]
NOTIC: [8] Use of undefined constant id - assumed 'id' C:\PHPstudy\WWW\zhds\App\Runtime\Cache\Home\e050d5619624146a648edb153a9a4fd8.php 第 59 行.
NOTIC: [8] Use of undefined constant id - assumed 'id' C:\PHPstudy\WWW\zhds\App\Runtime\Cache\Home\e050d5619624146a648edb153a9a4fd8.php 第 59 行.
NOTIC: [8] Use of undefined constant id - assumed 'id' C:\PHPstudy\WWW\zhds\App\Runtime\Cache\Home\e050d5619624146a648edb153a9a4fd8.php 第 59 行.
NOTIC: [8] Use of undefined constant id - assumed 'id' C:\PHPstudy\WWW\zhds\App\Runtime\Cache\Home\e050d5619624146a648edb153a9a4fd8.php 第 59 行.
NOTIC: [8] Use of undefined constant id - assumed 'id' C:\PHPstudy\WWW\zhds\App\Runtime\Cache\Home\e050d5619624146a648edb153a9a4fd8.php 第 59 行.
NOTIC: [8] Use of undefined constant id - assumed 'id' C:\PHPstudy\WWW\zhds\App\Runtime\Cache\Home\e050d5619624146a648edb153a9a4fd8.php 第 59 行.
INFO: Run Behavior\ParseTemplateBehavior [ RunTime:0.020517s ]
INFO: [ view_parse ] --END-- [ RunTime:0.020622s ]
INFO: [ view_filter ] --START--
INFO: Run Behavior\WriteHtmlCacheBehavior [ RunTime:0.000635s ]
INFO: [ view_filter ] --END-- [ RunTime:0.000692s ]
INFO: [ app_end ] --START--
INFO: Run Behavior\ShowPageTraceBehavior [ RunTime:0.000995s ]
INFO: [ app_end ] --END-- [ RunTime:0.001071s ]

[ 2016-05-26T15:28:57+08:00 ] ::1 /zhds/Home/News/index.html
INFO: [ app_init ] --START--
INFO: Run Behavior\BuildLiteBehavior [ RunTime:0.000021s ]
INFO: [ app_init ] --END-- [ RunTime:0.000495s ]
INFO: [ app_begin ] --START--
INFO: Run Behavior\ReadHtmlCacheBehavior [ RunTime:0.000563s ]
INFO: [ app_begin ] --END-- [ RunTime:0.000615s ]
SQL: SHOW COLUMNS FROM `zz_news` [ RunTime:0.0140s ]
SQL: SELECT * FROM `zz_news` ORDER BY time desc  [ RunTime:0.0041s ]
INFO: [ view_parse ] --START--
INFO: [ template_filter ] --START--
INFO: Run Behavior\ContentReplaceBehavior [ RunTime:0.000130s ]
INFO: [ template_filter ] --END-- [ RunTime:0.000284s ]
NOTIC: [8] Use of undefined constant id - assumed 'id' C:\PHPstudy\WWW\zhds\App\Runtime\Cache\Home\e050d5619624146a648edb153a9a4fd8.php 第 59 行.
NOTIC: [8] Use of undefined constant id - assumed 'id' C:\PHPstudy\WWW\zhds\App\Runtime\Cache\Home\e050d5619624146a648edb153a9a4fd8.php 第 59 行.
NOTIC: [8] Use of undefined constant id - assumed 'id' C:\PHPstudy\WWW\zhds\App\Runtime\Cache\Home\e050d5619624146a648edb153a9a4fd8.php 第 59 行.
NOTIC: [8] Use of undefined constant id - assumed 'id' C:\PHPstudy\WWW\zhds\App\Runtime\Cache\Home\e050d5619624146a648edb153a9a4fd8.php 第 59 行.
NOTIC: [8] Use of undefined constant id - assumed 'id' C:\PHPstudy\WWW\zhds\App\Runtime\Cache\Home\e050d5619624146a648edb153a9a4fd8.php 第 59 行.
NOTIC: [8] Use of undefined constant id - assumed 'id' C:\PHPstudy\WWW\zhds\App\Runtime\Cache\Home\e050d5619624146a648edb153a9a4fd8.php 第 59 行.
INFO: Run Behavior\ParseTemplateBehavior [ RunTime:0.018768s ]
INFO: [ view_parse ] --END-- [ RunTime:0.018958s ]
INFO: [ view_filter ] --START--
INFO: Run Behavior\WriteHtmlCacheBehavior [ RunTime:0.001340s ]
INFO: [ view_filter ] --END-- [ RunTime:0.001436s ]
INFO: [ app_end ] --START--
INFO: Run Behavior\ShowPageTraceBehavior [ RunTime:0.001607s ]
INFO: [ app_end ] --END-- [ RunTime:0.001707s ]

[ 2016-05-26T15:28:58+08:00 ] ::1 /zhds/Home/Comp/index.html
INFO: [ app_init ] --START--
INFO: Run Behavior\BuildLiteBehavior [ RunTime:0.000014s ]
INFO: [ app_init ] --END-- [ RunTime:0.000391s ]
INFO: [ app_begin ] --START--
INFO: Run Behavior\ReadHtmlCacheBehavior [ RunTime:0.000549s ]
INFO: [ app_begin ] --END-- [ RunTime:0.000597s ]
INFO: [ view_parse ] --START--
INFO: [ template_filter ] --START--
INFO: Run Behavior\ContentReplaceBehavior [ RunTime:0.000056s ]
INFO: [ template_filter ] --END-- [ RunTime:0.000107s ]
INFO: Run Behavior\ParseTemplateBehavior [ RunTime:0.005924s ]
INFO: [ view_parse ] --END-- [ RunTime:0.005982s ]
INFO: [ view_filter ] --START--
INFO: Run Behavior\WriteHtmlCacheBehavior [ RunTime:0.000531s ]
INFO: [ view_filter ] --END-- [ RunTime:0.000575s ]
INFO: [ app_end ] --START--
INFO: Run Behavior\ShowPageTraceBehavior [ RunTime:0.000538s ]
INFO: [ app_end ] --END-- [ RunTime:0.000594s ]

[ 2016-05-26T15:29:03+08:00 ] ::1 /zhds/Home/Index/index.html
INFO: [ app_init ] --START--
INFO: Run Behavior\BuildLiteBehavior [ RunTime:0.000014s ]
INFO: [ app_init ] --END-- [ RunTime:0.000426s ]
INFO: [ app_begin ] --START--
INFO: Run Behavior\ReadHtmlCacheBehavior [ RunTime:0.000580s ]
INFO: [ app_begin ] --END-- [ RunTime:0.000628s ]
SQL: SHOW COLUMNS FROM `zz_news` [ RunTime:0.0045s ]
SQL: SELECT * FROM `zz_news` ORDER BY time desc LIMIT 6   [ RunTime:0.0014s ]
INFO: [ view_parse ] --START--
INFO: [ template_filter ] --START--
INFO: Run Behavior\ContentReplaceBehavior [ RunTime:0.000124s ]
INFO: [ template_filter ] --END-- [ RunTime:0.000227s ]
NOTIC: [8] Use of undefined constant id - assumed 'id' C:\PHPstudy\WWW\zhds\App\Runtime\Cache\Home\00e52909bed743ea261af4b6823297ff.php 第 78 行.
NOTIC: [8] Use of undefined constant id - assumed 'id' C:\PHPstudy\WWW\zhds\App\Runtime\Cache\Home\00e52909bed743ea261af4b6823297ff.php 第 78 行.
NOTIC: [8] Use of undefined constant id - assumed 'id' C:\PHPstudy\WWW\zhds\App\Runtime\Cache\Home\00e52909bed743ea261af4b6823297ff.php 第 78 行.
NOTIC: [8] Use of undefined constant id - assumed 'id' C:\PHPstudy\WWW\zhds\App\Runtime\Cache\Home\00e52909bed743ea261af4b6823297ff.php 第 78 行.
NOTIC: [8] Use of undefined constant id - assumed 'id' C:\PHPstudy\WWW\zhds\App\Runtime\Cache\Home\00e52909bed743ea261af4b6823297ff.php 第 78 行.
NOTIC: [8] Use of undefined constant id - assumed 'id' C:\PHPstudy\WWW\zhds\App\Runtime\Cache\Home\00e52909bed743ea261af4b6823297ff.php 第 78 行.
INFO: Run Behavior\ParseTemplateBehavior [ RunTime:0.016297s ]
INFO: [ view_parse ] --END-- [ RunTime:0.016445s ]
INFO: [ view_filter ] --START--
INFO: Run Behavior\WriteHtmlCacheBehavior [ RunTime:0.001063s ]
INFO: [ view_filter ] --END-- [ RunTime:0.001156s ]
INFO: [ app_end ] --START--
INFO: Run Behavior\ShowPageTraceBehavior [ RunTime:0.001463s ]
INFO: [ app_end ] --END-- [ RunTime:0.001602s ]

