[ 2016-05-19T13:45:39+08:00 ] 127.0.0.1 /zhds/Home/Comp/index.html
INFO: [ app_init ] --START--
INFO: Run Behavior\BuildLiteBehavior [ RunTime:0.000000s ]
INFO: [ app_init ] --END-- [ RunTime:0.000000s ]
ERR: 无法加载模块:Zhds

[ 2016-05-19T13:45:48+08:00 ] 127.0.0.1 /zhds/Home/Case/index.html
INFO: [ app_init ] --START--
INFO: Run Behavior\BuildLiteBehavior [ RunTime:0.000000s ]
INFO: [ app_init ] --END-- [ RunTime:0.000000s ]
ERR: 无法加载模块:Zhds

[ 2016-05-19T13:46:00+08:00 ] 127.0.0.1 /zhds/Home/Index/index.html
INFO: [ app_init ] --START--
INFO: Run Behavior\BuildLiteBehavior [ RunTime:0.000000s ]
INFO: [ app_init ] --END-- [ RunTime:0.000000s ]
ERR: 无法加载模块:Zhds

[ 2016-05-19T13:46:02+08:00 ] 127.0.0.1 /zhds/Home/Service/index.html
INFO: [ app_init ] --START--
INFO: Run Behavior\BuildLiteBehavior [ RunTime:0.000000s ]
INFO: [ app_init ] --END-- [ RunTime:0.000000s ]
ERR: 无法加载模块:Zhds

[ 2016-05-19T13:46:09+08:00 ] 127.0.0.1 /zhds/Home/Comp/index.html
INFO: [ app_init ] --START--
INFO: Run Behavior\BuildLiteBehavior [ RunTime:0.000000s ]
INFO: [ app_init ] --END-- [ RunTime:0.001000s ]
ERR: 无法加载模块:Zhds

